#
# There is insufficient memory for the Java Runtime Environment to continue.
# Native memory allocation (malloc) failed to allocate 1299536 bytes for Chunk::new
# Possible reasons:
#   The system is out of physical RAM or swap space
#   The process is running with CompressedOops enabled, and the Java Heap may be blocking the growth of the native heap
# Possible solutions:
#   Reduce memory load on the system
#   Increase physical memory or swap space
#   Check if swap backing store is full
#   Decrease Java heap size (-Xmx/-Xms)
#   Decrease number of Java threads
#   Decrease Java thread stack sizes (-Xss)
#   Set larger code cache with -XX:ReservedCodeCacheSize=
#   JVM is running with Unscaled Compressed Oops mode in which the Java heap is
#     placed in the first 4GB address space. The Java Heap base address is the
#     maximum limit for the native heap growth. Please use -XX:HeapBaseMinAddress
#     to set the Java Heap base and to place the Java Heap above 4GB virtual address.
# This output file may be truncated or incomplete.
#
#  Out of Memory Error (t:/workspace/open/src/hotspot/share/memory/arena.cpp:198), pid=18172, tid=13852
#
# JRE version: Java(TM) SE Runtime Environment (10.0.1+10) (build 10.0.1+10)
# Java VM: Java HotSpot(TM) 64-Bit Server VM (10.0.1+10, mixed mode, tiered, compressed oops, g1 gc, windows-amd64)
# No core dump will be written. Minidumps are not enabled by default on client versions of Windows
#

---------------  S U M M A R Y ------------

Command Line: -javaagent:C:\Program Files\JetBrains\IntelliJ IDEA 2018.1.5\lib\idea_rt.jar=52645:C:\Program Files\JetBrains\IntelliJ IDEA 2018.1.5\bin -Dfile.encoding=UTF-8 MainWindow.MainScene

Host: Intel(R) Core(TM) i7-6700HQ CPU @ 2.60GHz, 8 cores, 7G,  Windows 10 , 64 bit Build 17134 (10.0.17134.1)
Time: Tue Sep 04 20:37:47 2018 Srodkowoeuropejski czas letni elapsed time: 2 seconds (0d 0h 0m 2s)

---------------  T H R E A D  ---------------

Current thread (0x000001f336fe7800):  JavaThread "C2 CompilerThread2" daemon [_thread_in_native, id=13852, stack(0x00000085f5600000,0x00000085f5700000)]


Current CompileTask:
C2:   2632 2280 %     4       com.sun.marlin.DRenderer::_endRendering @ 1910 (2473 bytes)

Stack: [0x00000085f5600000,0x00000085f5700000]
Native frames: (J=compiled Java code, j=interpreted, Vv=VM code, C=native code)
V  [jvm.dll+0x5a0369]
V  [jvm.dll+0x6bcf81]
V  [jvm.dll+0x6be176]
V  [jvm.dll+0x6be803]
V  [jvm.dll+0x234998]
V  [jvm.dll+0xbb92c]
V  [jvm.dll+0xbbe2c]
V  [jvm.dll+0x34bcf8]
V  [jvm.dll+0x18f09c]
V  [jvm.dll+0x1ffeed]
V  [jvm.dll+0x1ff066]
V  [jvm.dll+0x17ca6b]
V  [jvm.dll+0x20c81d]
V  [jvm.dll+0x20b5e6]
V  [jvm.dll+0x68bb6f]
V  [jvm.dll+0x59f680]
C  [msvcr120.dll+0x24f7f]
C  [msvcr120.dll+0x25126]
C  [KERNEL32.DLL+0x13034]
C  [ntdll.dll+0x71431]


---------------  P R O C E S S  ---------------

Threads class SMR info:
_java_thread_list=0x000001f33f6619b0, length=21, elements={
0x000001f314b12000, 0x000001f336778800, 0x000001f336779800, 0x000001f336fe2800,
0x000001f336fe3000, 0x000001f336fe4000, 0x000001f336fe6800, 0x000001f336fe7800,
0x000001f336feb800, 0x000001f336788000, 0x000001f337321800, 0x000001f337324000,
0x000001f337321000, 0x000001f337322800, 0x000001f337324800, 0x000001f337325800,
0x000001f33731f000, 0x000001f337320000, 0x000001f337323000, 0x000001f33cc1a800,
0x000001f33cc17800
}

Java Threads: ( => current thread )
  0x000001f314b12000 JavaThread "main" [_thread_blocked, id=4796, stack(0x00000085f3a00000,0x00000085f3b00000)]
  0x000001f336778800 JavaThread "Reference Handler" daemon [_thread_blocked, id=11160, stack(0x00000085f5000000,0x00000085f5100000)]
  0x000001f336779800 JavaThread "Finalizer" daemon [_thread_blocked, id=2456, stack(0x00000085f5100000,0x00000085f5200000)]
  0x000001f336fe2800 JavaThread "Signal Dispatcher" daemon [_thread_blocked, id=17648, stack(0x00000085f5200000,0x00000085f5300000)]
  0x000001f336fe3000 JavaThread "Attach Listener" daemon [_thread_blocked, id=14912, stack(0x00000085f5300000,0x00000085f5400000)]
  0x000001f336fe4000 JavaThread "C2 CompilerThread0" daemon [_thread_blocked, id=18028, stack(0x00000085f5400000,0x00000085f5500000)]
  0x000001f336fe6800 JavaThread "C2 CompilerThread1" daemon [_thread_blocked, id=15752, stack(0x00000085f5500000,0x00000085f5600000)]
=>0x000001f336fe7800 JavaThread "C2 CompilerThread2" daemon [_thread_in_native, id=13852, stack(0x00000085f5600000,0x00000085f5700000)]
  0x000001f336feb800 JavaThread "C1 CompilerThread3" daemon [_thread_blocked, id=17348, stack(0x00000085f5700000,0x00000085f5800000)]
  0x000001f336788000 JavaThread "Sweeper thread" daemon [_thread_blocked, id=17504, stack(0x00000085f5800000,0x00000085f5900000)]
  0x000001f337321800 JavaThread "Common-Cleaner" daemon [_thread_blocked, id=17912, stack(0x00000085f5900000,0x00000085f5a00000)]
  0x000001f337324000 JavaThread "Monitor Ctrl-Break" daemon [_thread_in_native, id=13260, stack(0x00000085f5a00000,0x00000085f5b00000)]
  0x000001f337321000 JavaThread "Service Thread" daemon [_thread_blocked, id=12756, stack(0x00000085f5b00000,0x00000085f5c00000)]
  0x000001f337322800 JavaThread "QuantumRenderer-0" daemon [_thread_blocked, id=17008, stack(0x00000085f5d00000,0x00000085f5e00000)]
  0x000001f337324800 JavaThread "InvokeLaterDispatcher" daemon [_thread_blocked, id=16832, stack(0x00000085f5e00000,0x00000085f5f00000)]
  0x000001f337325800 JavaThread "JavaFX Application Thread" [_thread_in_native, id=7772, stack(0x00000085f5f00000,0x00000085f6000000)]
  0x000001f33731f000 JavaThread "JavaFX-Launcher" [_thread_blocked, id=15372, stack(0x00000085f6400000,0x00000085f6500000)]
  0x000001f337320000 JavaThread "Thread-2" daemon [_thread_in_native, id=15860, stack(0x00000085f6300000,0x00000085f6400000)]
  0x000001f337323000 JavaThread "Java2D Disposer" daemon [_thread_blocked, id=14744, stack(0x00000085f6500000,0x00000085f6600000)]
  0x000001f33cc1a800 JavaThread "Prism Font Disposer" daemon [_thread_blocked, id=1672, stack(0x00000085f6900000,0x00000085f6a00000)]
  0x000001f33cc17800 JavaThread "Cleaner-0" daemon [_thread_blocked, id=12460, stack(0x00000085f6a00000,0x00000085f6b00000)]

Other Threads:
  0x000001f336773000 VMThread "VM Thread" [stack: 0x00000085f4f00000,0x00000085f5000000] [id=15404]
  0x000001f3375c1800 WatcherThread [stack: 0x00000085f5c00000,0x00000085f5d00000] [id=17748]
  0x000001f314b29000 GCTaskThread "GC Thread#0" [stack: 0x00000085f3b00000,0x00000085f3c00000] [id=11976]
  0x000001f314b2a800 GCTaskThread "GC Thread#1" [stack: 0x00000085f3c00000,0x00000085f3d00000] [id=18416]
  0x000001f314b2c000 GCTaskThread "GC Thread#2" [stack: 0x00000085f3d00000,0x00000085f3e00000] [id=17412]
  0x000001f314b2e800 GCTaskThread "GC Thread#3" [stack: 0x00000085f3e00000,0x00000085f3f00000] [id=18396]
  0x000001f314b31000 GCTaskThread "GC Thread#4" [stack: 0x00000085f3f00000,0x00000085f4000000] [id=17604]
  0x000001f314b39000 GCTaskThread "GC Thread#5" [stack: 0x00000085f4000000,0x00000085f4100000] [id=8484]
  0x000001f314b3b000 GCTaskThread "GC Thread#6" [stack: 0x00000085f4100000,0x00000085f4200000] [id=10960]
  0x000001f314b40000 GCTaskThread "GC Thread#7" [stack: 0x00000085f4200000,0x00000085f4300000] [id=16064]
  0x000001f314bbd800 ConcurrentGCThread "G1 Main Marker" [stack: 0x00000085f4300000,0x00000085f4400000] [id=14424]
  0x000001f314b3b800 ConcurrentGCThread "G1 Conc#0" [stack: 0x00000085f4400000,0x00000085f4500000] [id=17592]
  0x000001f314b3d800 ConcurrentGCThread "G1 Conc#1" [stack: 0x00000085f4500000,0x00000085f4600000] [id=9548]
  0x000001f314bee000 ConcurrentGCThread "G1 Refine#0" [stack: 0x00000085f4600000,0x00000085f4700000] [id=11928]
  0x000001f3365e1800 ConcurrentGCThread "G1 Refine#1" [stack: 0x00000085f4700000,0x00000085f4800000] [id=17960]
  0x000001f3365e2000 ConcurrentGCThread "G1 Refine#2" [stack: 0x00000085f4800000,0x00000085f4900000] [id=17772]
  0x000001f3365e4000 ConcurrentGCThread "G1 Refine#3" [stack: 0x00000085f4900000,0x00000085f4a00000] [id=15968]
  0x000001f3365f3000 ConcurrentGCThread "G1 Refine#4" [stack: 0x00000085f4a00000,0x00000085f4b00000] [id=10352]
  0x000001f3365f3800 ConcurrentGCThread "G1 Refine#5" [stack: 0x00000085f4b00000,0x00000085f4c00000] [id=2408]
  0x000001f3365f5800 ConcurrentGCThread "G1 Refine#6" [stack: 0x00000085f4c00000,0x00000085f4d00000] [id=15652]
  0x000001f3365f8000 ConcurrentGCThread "G1 Refine#7" [stack: 0x00000085f4d00000,0x00000085f4e00000] [id=7740]
  0x000001f3365f9000 ConcurrentGCThread "G1 Young RemSet Sampling" [stack: 0x00000085f4e00000,0x00000085f4f00000] [id=396]

Threads with active compile tasks:
C2 CompilerThread22280 %     4       com.sun.marlin.DRenderer::_endRendering @ 1910 (2473 bytes)

VM state:not at safepoint (normal execution)

VM Mutex/Monitor currently owned by a thread: None

Heap address: 0x0000000081800000, size: 2024 MB, Compressed Oops mode: 32-bit
Narrow klass base: 0x0000000000000000, Narrow klass shift: 3
Compressed class space size: 1073741824 Address: 0x0000000100000000

Heap:
 garbage-first heap   total 131072K, used 14128K [0x0000000081800000, 0x0000000100000000)
  region size 1024K, 7 young (7168K), 1 survivors (1024K)
 Metaspace       used 23339K, capacity 24203K, committed 24448K, reserved 1071104K
  class space    used 3000K, capacity 3404K, committed 3456K, reserved 1048576K
Heap Regions: E=young(eden), S=young(survivor), O=old, HS=humongous(starts), HC=humongous(continues), CS=collection set, F=free, A=archive, TS=gc time stamp, AC=allocation context, TAMS=top-at-mark-start (previous, next)
|   0|0x0000000081800000, 0x0000000081900000, 0x0000000081900000|100%| O|  |TS  0|AC  0|TAMS 0x0000000081900000, 0x0000000081900000|
|   1|0x0000000081900000, 0x0000000081a00000, 0x0000000081a00000|100%| O|  |TS  0|AC  0|TAMS 0x0000000081a00000, 0x0000000081a00000|
|   2|0x0000000081a00000, 0x0000000081b00000, 0x0000000081b00000|100%| O|  |TS  1|AC  0|TAMS 0x0000000081aae600, 0x0000000081aae600|
|   3|0x0000000081b00000, 0x0000000081c00000, 0x0000000081c00000|100%|HS|  |TS  0|AC  0|TAMS 0x0000000081b00000, 0x0000000081b00000|
|   4|0x0000000081c00000, 0x0000000081d00000, 0x0000000081d00000|100%|HC|  |TS  0|AC  0|TAMS 0x0000000081c00000, 0x0000000081c00000|
|   5|0x0000000081d00000, 0x0000000081e00000, 0x0000000081e00000|100%| O|  |TS  1|AC  0|TAMS 0x0000000081d00000, 0x0000000081d00000|
|   6|0x0000000081e00000, 0x0000000081f00000, 0x0000000081f00000|100%| O|  |TS  1|AC  0|TAMS 0x0000000081e00000, 0x0000000081e00000|
|   7|0x0000000081f00000, 0x0000000081ff9400, 0x0000000082000000| 97%| O|  |TS  1|AC  0|TAMS 0x0000000081f00000, 0x0000000081f00000|
|   8|0x0000000082000000, 0x0000000082000000, 0x0000000082100000|  0%| F|  |TS  0|AC  0|TAMS 0x0000000082000000, 0x0000000082000000|
|   9|0x0000000082100000, 0x0000000082100000, 0x0000000082200000|  0%| F|  |TS  0|AC  0|TAMS 0x0000000082100000, 0x0000000082100000|
|  10|0x0000000082200000, 0x0000000082200000, 0x0000000082300000|  0%| F|  |TS  0|AC  0|TAMS 0x0000000082200000, 0x0000000082200000|
|  11|0x0000000082300000, 0x0000000082300000, 0x0000000082400000|  0%| F|  |TS  0|AC  0|TAMS 0x0000000082300000, 0x0000000082300000|
|  12|0x0000000082400000, 0x0000000082400000, 0x0000000082500000|  0%| F|  |TS  0|AC  0|TAMS 0x0000000082400000, 0x0000000082400000|
|  13|0x0000000082500000, 0x0000000082500000, 0x0000000082600000|  0%| F|  |TS  0|AC  0|TAMS 0x0000000082500000, 0x0000000082500000|
|  14|0x0000000082600000, 0x0000000082600000, 0x0000000082700000|  0%| F|  |TS  0|AC  0|TAMS 0x0000000082600000, 0x0000000082600000|
|  15|0x0000000082700000, 0x0000000082700000, 0x0000000082800000|  0%| F|  |TS  0|AC  0|TAMS 0x0000000082700000, 0x0000000082700000|
|  16|0x0000000082800000, 0x0000000082800000, 0x0000000082900000|  0%| F|  |TS  0|AC  0|TAMS 0x0000000082800000, 0x0000000082800000|
|  17|0x0000000082900000, 0x0000000082900000, 0x0000000082a00000|  0%| F|  |TS  0|AC  0|TAMS 0x0000000082900000, 0x0000000082900000|
|  18|0x0000000082a00000, 0x0000000082a00000, 0x0000000082b00000|  0%| F|  |TS  0|AC  0|TAMS 0x0000000082a00000, 0x0000000082a00000|
|  19|0x0000000082b00000, 0x0000000082b00000, 0x0000000082c00000|  0%| F|  |TS  0|AC  0|TAMS 0x0000000082b00000, 0x0000000082b00000|
|  20|0x0000000082c00000, 0x0000000082c00000, 0x0000000082d00000|  0%| F|  |TS  0|AC  0|TAMS 0x0000000082c00000, 0x0000000082c00000|
|  21|0x0000000082d00000, 0x0000000082d00000, 0x0000000082e00000|  0%| F|  |TS  0|AC  0|TAMS 0x0000000082d00000, 0x0000000082d00000|
|  22|0x0000000082e00000, 0x0000000082e00000, 0x0000000082f00000|  0%| F|  |TS  0|AC  0|TAMS 0x0000000082e00000, 0x0000000082e00000|
|  23|0x0000000082f00000, 0x0000000082f00000, 0x0000000083000000|  0%| F|  |TS  0|AC  0|TAMS 0x0000000082f00000, 0x0000000082f00000|
|  24|0x0000000083000000, 0x0000000083000000, 0x0000000083100000|  0%| F|  |TS  0|AC  0|TAMS 0x0000000083000000, 0x0000000083000000|
|  25|0x0000000083100000, 0x0000000083100000, 0x0000000083200000|  0%| F|  |TS  0|AC  0|TAMS 0x0000000083100000, 0x0000000083100000|
|  26|0x0000000083200000, 0x0000000083200000, 0x0000000083300000|  0%| F|  |TS  0|AC  0|TAMS 0x0000000083200000, 0x0000000083200000|
|  27|0x0000000083300000, 0x0000000083300000, 0x0000000083400000|  0%| F|  |TS  0|AC  0|TAMS 0x0000000083300000, 0x0000000083300000|
|  28|0x0000000083400000, 0x0000000083400000, 0x0000000083500000|  0%| F|  |TS  0|AC  0|TAMS 0x0000000083400000, 0x0000000083400000|
|  29|0x0000000083500000, 0x0000000083500000, 0x0000000083600000|  0%| F|  |TS  0|AC  0|TAMS 0x0000000083500000, 0x0000000083500000|
|  30|0x0000000083600000, 0x0000000083600000, 0x0000000083700000|  0%| F|  |TS  0|AC  0|TAMS 0x0000000083600000, 0x0000000083600000|
|  31|0x0000000083700000, 0x0000000083700000, 0x0000000083800000|  0%| F|  |TS  0|AC  0|TAMS 0x0000000083700000, 0x0000000083700000|
|  32|0x0000000083800000, 0x0000000083800000, 0x0000000083900000|  0%| F|  |TS  0|AC  0|TAMS 0x0000000083800000, 0x0000000083800000|
|  33|0x0000000083900000, 0x0000000083900000, 0x0000000083a00000|  0%| F|  |TS  0|AC  0|TAMS 0x0000000083900000, 0x0000000083900000|
|  34|0x0000000083a00000, 0x0000000083a00000, 0x0000000083b00000|  0%| F|  |TS  0|AC  0|TAMS 0x0000000083a00000, 0x0000000083a00000|
|  35|0x0000000083b00000, 0x0000000083b00000, 0x0000000083c00000|  0%| F|  |TS  0|AC  0|TAMS 0x0000000083b00000, 0x0000000083b00000|
|  36|0x0000000083c00000, 0x0000000083c00000, 0x0000000083d00000|  0%| F|  |TS  0|AC  0|TAMS 0x0000000083c00000, 0x0000000083c00000|
|  37|0x0000000083d00000, 0x0000000083d00000, 0x0000000083e00000|  0%| F|  |TS  0|AC  0|TAMS 0x0000000083d00000, 0x0000000083d00000|
|  38|0x0000000083e00000, 0x0000000083e00000, 0x0000000083f00000|  0%| F|  |TS  0|AC  0|TAMS 0x0000000083e00000, 0x0000000083e00000|
|  39|0x0000000083f00000, 0x0000000083f00000, 0x0000000084000000|  0%| F|  |TS  0|AC  0|TAMS 0x0000000083f00000, 0x0000000083f00000|
|  40|0x0000000084000000, 0x0000000084000000, 0x0000000084100000|  0%| F|  |TS  0|AC  0|TAMS 0x0000000084000000, 0x0000000084000000|
|  41|0x0000000084100000, 0x0000000084100000, 0x0000000084200000|  0%| F|  |TS  0|AC  0|TAMS 0x0000000084100000, 0x0000000084100000|
|  42|0x0000000084200000, 0x0000000084200000, 0x0000000084300000|  0%| F|  |TS  0|AC  0|TAMS 0x0000000084200000, 0x0000000084200000|
|  43|0x0000000084300000, 0x0000000084300000, 0x0000000084400000|  0%| F|  |TS  0|AC  0|TAMS 0x0000000084300000, 0x0000000084300000|
|  44|0x0000000084400000, 0x0000000084400000, 0x0000000084500000|  0%| F|  |TS  0|AC  0|TAMS 0x0000000084400000, 0x0000000084400000|
|  45|0x0000000084500000, 0x0000000084500000, 0x0000000084600000|  0%| F|  |TS  0|AC  0|TAMS 0x0000000084500000, 0x0000000084500000|
|  46|0x0000000084600000, 0x0000000084600000, 0x0000000084700000|  0%| F|  |TS  0|AC  0|TAMS 0x0000000084600000, 0x0000000084600000|
|  47|0x0000000084700000, 0x0000000084700000, 0x0000000084800000|  0%| F|  |TS  0|AC  0|TAMS 0x0000000084700000, 0x0000000084700000|
|  48|0x0000000084800000, 0x0000000084800000, 0x0000000084900000|  0%| F|  |TS  0|AC  0|TAMS 0x0000000084800000, 0x0000000084800000|
|  49|0x0000000084900000, 0x0000000084900000, 0x0000000084a00000|  0%| F|  |TS  0|AC  0|TAMS 0x0000000084900000, 0x0000000084900000|
|  50|0x0000000084a00000, 0x0000000084a00000, 0x0000000084b00000|  0%| F|  |TS  0|AC  0|TAMS 0x0000000084a00000, 0x0000000084a00000|
|  51|0x0000000084b00000, 0x0000000084b00000, 0x0000000084c00000|  0%| F|  |TS  0|AC  0|TAMS 0x0000000084b00000, 0x0000000084b00000|
|  52|0x0000000084c00000, 0x0000000084c00000, 0x0000000084d00000|  0%| F|  |TS  0|AC  0|TAMS 0x0000000084c00000, 0x0000000084c00000|
|  53|0x0000000084d00000, 0x0000000084d00000, 0x0000000084e00000|  0%| F|  |TS  0|AC  0|TAMS 0x0000000084d00000, 0x0000000084d00000|
|  54|0x0000000084e00000, 0x0000000084e00000, 0x0000000084f00000|  0%| F|  |TS  0|AC  0|TAMS 0x0000000084e00000, 0x0000000084e00000|
|  55|0x0000000084f00000, 0x0000000084f00000, 0x0000000085000000|  0%| F|  |TS  0|AC  0|TAMS 0x0000000084f00000, 0x0000000084f00000|
|  56|0x0000000085000000, 0x0000000085000000, 0x0000000085100000|  0%| F|  |TS  0|AC  0|TAMS 0x0000000085000000, 0x0000000085000000|
|  57|0x0000000085100000, 0x0000000085100000, 0x0000000085200000|  0%| F|  |TS  0|AC  0|TAMS 0x0000000085100000, 0x0000000085100000|
|  58|0x0000000085200000, 0x0000000085200000, 0x0000000085300000|  0%| F|  |TS  0|AC  0|TAMS 0x0000000085200000, 0x0000000085200000|
|  59|0x0000000085300000, 0x0000000085300000, 0x0000000085400000|  0%| F|  |TS  0|AC  0|TAMS 0x0000000085300000, 0x0000000085300000|
|  60|0x0000000085400000, 0x0000000085400000, 0x0000000085500000|  0%| F|  |TS  0|AC  0|TAMS 0x0000000085400000, 0x0000000085400000|
|  61|0x0000000085500000, 0x0000000085500000, 0x0000000085600000|  0%| F|  |TS  0|AC  0|TAMS 0x0000000085500000, 0x0000000085500000|
|  62|0x0000000085600000, 0x0000000085600000, 0x0000000085700000|  0%| F|  |TS  0|AC  0|TAMS 0x0000000085600000, 0x0000000085600000|
|  63|0x0000000085700000, 0x0000000085700000, 0x0000000085800000|  0%| F|  |TS  0|AC  0|TAMS 0x0000000085700000, 0x0000000085700000|
|  64|0x0000000085800000, 0x0000000085800000, 0x0000000085900000|  0%| F|  |TS  0|AC  0|TAMS 0x0000000085800000, 0x0000000085800000|
|  65|0x0000000085900000, 0x0000000085900000, 0x0000000085a00000|  0%| F|  |TS  0|AC  0|TAMS 0x0000000085900000, 0x0000000085900000|
|  66|0x0000000085a00000, 0x0000000085a00000, 0x0000000085b00000|  0%| F|  |TS  0|AC  0|TAMS 0x0000000085a00000, 0x0000000085a00000|
|  67|0x0000000085b00000, 0x0000000085b00000, 0x0000000085c00000|  0%| F|  |TS  0|AC  0|TAMS 0x0000000085b00000, 0x0000000085b00000|
|  68|0x0000000085c00000, 0x0000000085c00000, 0x0000000085d00000|  0%| F|  |TS  0|AC  0|TAMS 0x0000000085c00000, 0x0000000085c00000|
|  69|0x0000000085d00000, 0x0000000085d00000, 0x0000000085e00000|  0%| F|  |TS  0|AC  0|TAMS 0x0000000085d00000, 0x0000000085d00000|
|  70|0x0000000085e00000, 0x0000000085e00000, 0x0000000085f00000|  0%| F|  |TS  0|AC  0|TAMS 0x0000000085e00000, 0x0000000085e00000|
|  71|0x0000000085f00000, 0x0000000085f00000, 0x0000000086000000|  0%| F|  |TS  0|AC  0|TAMS 0x0000000085f00000, 0x0000000085f00000|
|  72|0x0000000086000000, 0x0000000086000000, 0x0000000086100000|  0%| F|  |TS  0|AC  0|TAMS 0x0000000086000000, 0x0000000086000000|
|  73|0x0000000086100000, 0x0000000086100000, 0x0000000086200000|  0%| F|  |TS  0|AC  0|TAMS 0x0000000086100000, 0x0000000086100000|
|  74|0x0000000086200000, 0x0000000086200000, 0x0000000086300000|  0%| F|  |TS  0|AC  0|TAMS 0x0000000086200000, 0x0000000086200000|
|  75|0x0000000086300000, 0x0000000086300000, 0x0000000086400000|  0%| F|  |TS  0|AC  0|TAMS 0x0000000086300000, 0x0000000086300000|
|  76|0x0000000086400000, 0x0000000086400000, 0x0000000086500000|  0%| F|  |TS  0|AC  0|TAMS 0x0000000086400000, 0x0000000086400000|
|  77|0x0000000086500000, 0x0000000086500000, 0x0000000086600000|  0%| F|  |TS  0|AC  0|TAMS 0x0000000086500000, 0x0000000086500000|
|  78|0x0000000086600000, 0x0000000086600000, 0x0000000086700000|  0%| F|  |TS  0|AC  0|TAMS 0x0000000086600000, 0x0000000086600000|
|  79|0x0000000086700000, 0x0000000086700000, 0x0000000086800000|  0%| F|  |TS  0|AC  0|TAMS 0x0000000086700000, 0x0000000086700000|
|  80|0x0000000086800000, 0x0000000086800000, 0x0000000086900000|  0%| F|  |TS  0|AC  0|TAMS 0x0000000086800000, 0x0000000086800000|
|  81|0x0000000086900000, 0x0000000086900000, 0x0000000086a00000|  0%| F|  |TS  0|AC  0|TAMS 0x0000000086900000, 0x0000000086900000|
|  82|0x0000000086a00000, 0x0000000086a00000, 0x0000000086b00000|  0%| F|  |TS  0|AC  0|TAMS 0x0000000086a00000, 0x0000000086a00000|
|  83|0x0000000086b00000, 0x0000000086b00000, 0x0000000086c00000|  0%| F|  |TS  0|AC  0|TAMS 0x0000000086b00000, 0x0000000086b00000|
|  84|0x0000000086c00000, 0x0000000086c00000, 0x0000000086d00000|  0%| F|  |TS  0|AC  0|TAMS 0x0000000086c00000, 0x0000000086c00000|
|  85|0x0000000086d00000, 0x0000000086d00000, 0x0000000086e00000|  0%| F|  |TS  0|AC  0|TAMS 0x0000000086d00000, 0x0000000086d00000|
|  86|0x0000000086e00000, 0x0000000086e00000, 0x0000000086f00000|  0%| F|  |TS  0|AC  0|TAMS 0x0000000086e00000, 0x0000000086e00000|
|  87|0x0000000086f00000, 0x0000000086f00000, 0x0000000087000000|  0%| F|  |TS  0|AC  0|TAMS 0x0000000086f00000, 0x0000000086f00000|
|  88|0x0000000087000000, 0x0000000087000000, 0x0000000087100000|  0%| F|  |TS  0|AC  0|TAMS 0x0000000087000000, 0x0000000087000000|
|  89|0x0000000087100000, 0x0000000087100000, 0x0000000087200000|  0%| F|  |TS  0|AC  0|TAMS 0x0000000087100000, 0x0000000087100000|
|  90|0x0000000087200000, 0x0000000087200000, 0x0000000087300000|  0%| F|  |TS  0|AC  0|TAMS 0x0000000087200000, 0x0000000087200000|
|  91|0x0000000087300000, 0x0000000087300000, 0x0000000087400000|  0%| F|  |TS  0|AC  0|TAMS 0x0000000087300000, 0x0000000087300000|
|  92|0x0000000087400000, 0x0000000087400000, 0x0000000087500000|  0%| F|  |TS  0|AC  0|TAMS 0x0000000087400000, 0x0000000087400000|
|  93|0x0000000087500000, 0x0000000087500000, 0x0000000087600000|  0%| F|  |TS  0|AC  0|TAMS 0x0000000087500000, 0x0000000087500000|
|  94|0x0000000087600000, 0x0000000087600000, 0x0000000087700000|  0%| F|  |TS  0|AC  0|TAMS 0x0000000087600000, 0x0000000087600000|
|  95|0x0000000087700000, 0x0000000087700000, 0x0000000087800000|  0%| F|  |TS  0|AC  0|TAMS 0x0000000087700000, 0x0000000087700000|
|  96|0x0000000087800000, 0x0000000087800000, 0x0000000087900000|  0%| F|  |TS  0|AC  0|TAMS 0x0000000087800000, 0x0000000087800000|
|  97|0x0000000087900000, 0x0000000087900000, 0x0000000087a00000|  0%| F|  |TS  0|AC  0|TAMS 0x0000000087900000, 0x0000000087900000|
|  98|0x0000000087a00000, 0x0000000087a00000, 0x0000000087b00000|  0%| F|  |TS  0|AC  0|TAMS 0x0000000087a00000, 0x0000000087a00000|
|  99|0x0000000087b00000, 0x0000000087b00000, 0x0000000087c00000|  0%| F|  |TS  0|AC  0|TAMS 0x0000000087b00000, 0x0000000087b00000|
| 100|0x0000000087c00000, 0x0000000087c00000, 0x0000000087d00000|  0%| F|  |TS  0|AC  0|TAMS 0x0000000087c00000, 0x0000000087c00000|
| 101|0x0000000087d00000, 0x0000000087d00000, 0x0000000087e00000|  0%| F|  |TS  0|AC  0|TAMS 0x0000000087d00000, 0x0000000087d00000|
| 102|0x0000000087e00000, 0x0000000087e00000, 0x0000000087f00000|  0%| F|  |TS  1|AC  0|TAMS 0x0000000087e00000, 0x0000000087e00000|
| 103|0x0000000087f00000, 0x0000000087f00000, 0x0000000088000000|  0%| F|  |TS  1|AC  0|TAMS 0x0000000087f00000, 0x0000000087f00000|
| 104|0x0000000088000000, 0x0000000088000000, 0x0000000088100000|  0%| F|  |TS  1|AC  0|TAMS 0x0000000088000000, 0x0000000088000000|
| 105|0x0000000088100000, 0x0000000088100000, 0x0000000088200000|  0%| F|  |TS  0|AC  0|TAMS 0x0000000088100000, 0x0000000088100000|
| 106|0x0000000088200000, 0x0000000088200000, 0x0000000088300000|  0%| F|  |TS  0|AC  0|TAMS 0x0000000088200000, 0x0000000088200000|
| 107|0x0000000088300000, 0x0000000088300000, 0x0000000088400000|  0%| F|  |TS  0|AC  0|TAMS 0x0000000088300000, 0x0000000088300000|
| 108|0x0000000088400000, 0x0000000088400000, 0x0000000088500000|  0%| F|  |TS  0|AC  0|TAMS 0x0000000088400000, 0x0000000088400000|
| 109|0x0000000088500000, 0x0000000088500000, 0x0000000088600000|  0%| F|  |TS  0|AC  0|TAMS 0x0000000088500000, 0x0000000088500000|
| 110|0x0000000088600000, 0x0000000088600000, 0x0000000088700000|  0%| F|  |TS  0|AC  0|TAMS 0x0000000088600000, 0x0000000088600000|
| 111|0x0000000088700000, 0x0000000088700000, 0x0000000088800000|  0%| F|  |TS  0|AC  0|TAMS 0x0000000088700000, 0x0000000088700000|
| 112|0x0000000088800000, 0x0000000088800000, 0x0000000088900000|  0%| F|  |TS  0|AC  0|TAMS 0x0000000088800000, 0x0000000088800000|
| 113|0x0000000088900000, 0x0000000088900000, 0x0000000088a00000|  0%| F|  |TS  0|AC  0|TAMS 0x0000000088900000, 0x0000000088900000|
| 114|0x0000000088a00000, 0x0000000088a00000, 0x0000000088b00000|  0%| F|  |TS  0|AC  0|TAMS 0x0000000088a00000, 0x0000000088a00000|
| 115|0x0000000088b00000, 0x0000000088b00000, 0x0000000088c00000|  0%| F|  |TS  0|AC  0|TAMS 0x0000000088b00000, 0x0000000088b00000|
| 116|0x0000000088c00000, 0x0000000088c00000, 0x0000000088d00000|  0%| F|  |TS  0|AC  0|TAMS 0x0000000088c00000, 0x0000000088c00000|
| 117|0x0000000088d00000, 0x0000000088d00000, 0x0000000088e00000|  0%| F|  |TS  0|AC  0|TAMS 0x0000000088d00000, 0x0000000088d00000|
| 118|0x0000000088e00000, 0x0000000088e00000, 0x0000000088f00000|  0%| F|  |TS  0|AC  0|TAMS 0x0000000088e00000, 0x0000000088e00000|
| 119|0x0000000088f00000, 0x0000000088f00000, 0x0000000089000000|  0%| F|  |TS  0|AC  0|TAMS 0x0000000088f00000, 0x0000000088f00000|
| 120|0x0000000089000000, 0x0000000089000000, 0x0000000089100000|  0%| F|  |TS  0|AC  0|TAMS 0x0000000089000000, 0x0000000089000000|
| 121|0x0000000089100000, 0x000000008915f4f8, 0x0000000089200000| 37%| E|  |TS  0|AC  0|TAMS 0x0000000089100000, 0x0000000089100000|
| 122|0x0000000089200000, 0x0000000089300000, 0x0000000089300000|100%| E|CS|TS  0|AC  0|TAMS 0x0000000089200000, 0x0000000089200000|
| 123|0x0000000089300000, 0x0000000089400000, 0x0000000089400000|100%| E|CS|TS  0|AC  0|TAMS 0x0000000089300000, 0x0000000089300000|
| 124|0x0000000089400000, 0x00000000894d2f10, 0x0000000089500000| 82%| S|CS|TS  1|AC  0|TAMS 0x0000000089400000, 0x0000000089400000|
| 125|0x0000000089500000, 0x0000000089600000, 0x0000000089600000|100%| E|CS|TS  1|AC  0|TAMS 0x0000000089500000, 0x0000000089500000|
| 126|0x0000000089600000, 0x0000000089700000, 0x0000000089700000|100%| E|CS|TS  1|AC  0|TAMS 0x0000000089600000, 0x0000000089600000|
| 127|0x0000000089700000, 0x0000000089800000, 0x0000000089800000|100%| E|CS|TS  1|AC  0|TAMS 0x0000000089700000, 0x0000000089700000|

Card table byte_map: [0x000001f32f5d0000,0x000001f32f9d0000] byte_map_base: 0x000001f32f1c4000

Marking Bits (Prev, Next): (CMBitMap*) 0x000001f314bbcdf8, (CMBitMap*) 0x000001f314bbcdc0
 Prev Bits: [0x000001f331d70000, 0x000001f333d10000)
 Next Bits: [0x000001f32fdd0000, 0x000001f331d70000)

Polling page: 0x000001f312c70000

CodeHeap 'non-profiled nmethods': size=120000Kb used=1103Kb max_used=1103Kb free=118896Kb
 bounds [0x000001f327970000, 0x000001f327be0000, 0x000001f32eea0000]
CodeHeap 'profiled nmethods': size=120000Kb used=4103Kb max_used=4103Kb free=115896Kb
 bounds [0x000001f320440000, 0x000001f320850000, 0x000001f327970000]
CodeHeap 'non-nmethods': size=5760Kb used=1333Kb max_used=1408Kb free=4426Kb
 bounds [0x000001f31fea0000, 0x000001f320110000, 0x000001f320440000]
 total_blobs=3515 nmethods=2280 adapters=672
 compilation: enabled

Compilation events (10 events):
Event: 2.560 Thread 0x000001f336feb800 nmethod 2276 0x000001f327a81190 code [0x000001f327a81340, 0x000001f327a81438]
Event: 2.560 Thread 0x000001f336feb800 2277       1       com.sun.prism.impl.ps.BaseShaderContext$State::access$1000 (5 bytes)
Event: 2.560 Thread 0x000001f336feb800 nmethod 2277 0x000001f327a81510 code [0x000001f327a816c0, 0x000001f327a817b8]
Event: 2.560 Thread 0x000001f336feb800 2278       1       com.sun.prism.impl.BaseGraphics::getExtraAlpha (5 bytes)
Event: 2.560 Thread 0x000001f336feb800 nmethod 2278 0x000001f327a81890 code [0x000001f327a81a40, 0x000001f327a81b58]
Event: 2.560 Thread 0x000001f336feb800 2279       1       com.sun.prism.d3d.D3DShader::isValid (5 bytes)
Event: 2.560 Thread 0x000001f336feb800 nmethod 2279 0x000001f327a81c10 code [0x000001f327a81dc0, 0x000001f327a81ed8]
Event: 2.560 Thread 0x000001f336feb800 2281       1       com.sun.prism.impl.BaseGraphics::setDepthTest (6 bytes)
Event: 2.560 Thread 0x000001f336feb800 nmethod 2281 0x000001f327a81f90 code [0x000001f327a82140, 0x000001f327a82258]
Event: 2.568 Thread 0x000001f336fe6800 nmethod 2241% 0x000001f327a82310 code [0x000001f327a824e0, 0x000001f327a83098]

GC Heap History (4 events):
Event: 1.239 GC heap before
{Heap before GC invocations=0 (full 0):
 garbage-first heap   total 131072K, used 22528K [0x0000000081800000, 0x0000000100000000)
  region size 1024K, 23 young (23552K), 0 survivors (0K)
 Metaspace       used 20455K, capacity 21077K, committed 21248K, reserved 1067008K
  class space    used 2454K, capacity 2754K, committed 2816K, reserved 1048576K
}
Event: 1.247 GC heap after
{Heap after GC invocations=1 (full 0):
 garbage-first heap   total 131072K, used 5817K [0x0000000081800000, 0x0000000100000000)
  region size 1024K, 3 young (3072K), 3 survivors (3072K)
 Metaspace       used 20455K, capacity 21077K, committed 21248K, reserved 1067008K
  class space    used 2454K, capacity 2754K, committed 2816K, reserved 1048576K
}
Event: 2.318 GC heap before
{Heap before GC invocations=2 (full 0):
 garbage-first heap   total 131072K, used 10937K [0x0000000081800000, 0x0000000100000000)
  region size 1024K, 6 young (6144K), 3 survivors (3072K)
 Metaspace       used 21480K, capacity 22165K, committed 22400K, reserved 1069056K
  class space    used 2577K, capacity 2883K, committed 2944K, reserved 1048576K
}
Event: 2.322 GC heap after
{Heap after GC invocations=3 (full 0):
 garbage-first heap   total 131072K, used 9008K [0x0000000081800000, 0x0000000100000000)
  region size 1024K, 1 young (1024K), 1 survivors (1024K)
 Metaspace       used 21480K, capacity 22165K, committed 22400K, reserved 1069056K
  class space    used 2577K, capacity 2883K, committed 2944K, reserved 1048576K
}

Deoptimization events (10 events):
Event: 1.166 Thread 0x000001f337325800 Uncommon trap: reason=unstable_if action=reinterpret pc=0x000001f3279bb8a0 method=java.lang.String.indexOf(II)I @ 4 c2
Event: 1.278 Thread 0x000001f337322800 Uncommon trap: reason=unstable_if action=reinterpret pc=0x000001f3279df4dc method=java.lang.ref.ReferenceQueue.poll()Ljava/lang/ref/Reference; @ 4 c2
Event: 2.324 Thread 0x000001f337325800 Uncommon trap: reason=unstable_if action=reinterpret pc=0x000001f3279dac50 method=java.lang.ref.ReferenceQueue.poll()Ljava/lang/ref/Reference; @ 4 c2
Event: 2.324 Thread 0x000001f337325800 Uncommon trap: reason=unstable_if action=reinterpret pc=0x000001f3279bc12c method=jdk.internal.org.objectweb.asm.Type.getArgumentsAndReturnSizes(Ljava/lang/String;)I @ 47 c2
Event: 2.389 Thread 0x000001f337325800 Uncommon trap: reason=unstable_if action=reinterpret pc=0x000001f327a083ac method=java.lang.String.equals(Ljava/lang/Object;)Z @ 34 c2
Event: 2.424 Thread 0x000001f337325800 Uncommon trap: reason=unstable_if action=reinterpret pc=0x000001f327a4f974 method=javafx.scene.Node.updateLocalToParentTransform()V @ 4 c2
Event: 2.437 Thread 0x000001f337325800 Uncommon trap: reason=bimorphic_or_optimized_type_check action=maybe_recompile pc=0x000001f3279b69e4 method=java.util.concurrent.ConcurrentHashMap.get(Ljava/lang/Object;)Ljava/lang/Object; @ 149 c2
Event: 2.437 Thread 0x000001f337325800 Uncommon trap: reason=bimorphic_or_optimized_type_check action=maybe_recompile pc=0x000001f3279b69e4 method=java.util.concurrent.ConcurrentHashMap.get(Ljava/lang/Object;)Ljava/lang/Object; @ 149 c2
Event: 2.461 Thread 0x000001f337325800 Uncommon trap: reason=unstable_if action=reinterpret pc=0x000001f3279b76bc method=java.nio.Buffer.position(I)Ljava/nio/Buffer; @ 45 c2
Event: 2.513 Thread 0x000001f337325800 Uncommon trap: reason=unstable_if action=reinterpret pc=0x000001f327a6a6c0 method=javafx.css.SimpleSelector.stateMatches(Ljavafx/css/Styleable;Ljava/util/Set;)Z @ 1 c2

Classes redefined (0 events):
No events

Internal exceptions (10 events):
Event: 2.324 Thread 0x000001f337325800 Exception <a 'java/lang/NoSuchMethodError'{0x0000000089736828}: method resolution failed> (0x0000000089736828) thrown at [t:/workspace/open/src/hotspot/share/prims/methodHandles.cpp, line 1226]
Event: 2.324 Thread 0x000001f337325800 Exception <a 'java/lang/NoSuchMethodError'{0x0000000089739970}: java.lang.invoke.DirectMethodHandle$Holder.invokeStaticInit(Ljava/lang/Object;Ljava/lang/Object;Ljava/lang/Object;)J> (0x0000000089739970) thrown at [t:/workspace/open/src/hotspot/share/inter
Event: 2.326 Thread 0x000001f337325800 Exception <a 'java/lang/NoSuchMethodError'{0x000000008974c818}: method resolution failed> (0x000000008974c818) thrown at [t:/workspace/open/src/hotspot/share/prims/methodHandles.cpp, line 1226]
Event: 2.326 Thread 0x000001f337325800 Exception <a 'java/lang/NoSuchMethodError'{0x0000000089752800}: java.lang.invoke.DirectMethodHandle$Holder.invokeStatic(Ljava/lang/Object;Ljava/lang/Object;J)Ljava/lang/Object;> (0x0000000089752800) thrown at [t:/workspace/open/src/hotspot/share/interpret
Event: 2.326 Thread 0x000001f337325800 Exception <a 'java/lang/NoSuchMethodError'{0x0000000089755c80}: method resolution failed> (0x0000000089755c80) thrown at [t:/workspace/open/src/hotspot/share/prims/methodHandles.cpp, line 1226]
Event: 2.445 Thread 0x000001f337325800 Exception <a 'java/lang/NoSuchMethodError'{0x00000000895876c8}: java.lang.invoke.DirectMethodHandle$Holder.invokeSpecial(Ljava/lang/Object;Ljava/lang/Object;Ljava/lang/Object;Ljava/lang/Object;Ljava/lang/Object;Ljava/lang/Object;)V> (0x00000000895876c8) t
Event: 2.460 Thread 0x000001f337325800 Exception <a 'java/lang/ClassNotFoundException'{0x00000000895c04c8}: com/sun/javafx/scene/control/skin/resources/controls> (0x00000000895c04c8) thrown at [t:/workspace/open/src/hotspot/share/prims/jni.cpp, line 632]
Event: 2.461 Thread 0x000001f337325800 Exception <a 'java/lang/ClassNotFoundException'{0x00000000895ce548}: com/sun/javafx/scene/control/skin/resources/controls_pl> (0x00000000895ce548) thrown at [t:/workspace/open/src/hotspot/share/prims/jni.cpp, line 632]
Event: 2.461 Thread 0x000001f337325800 Exception <a 'java/lang/ClassNotFoundException'{0x00000000895cf868}: com/sun/javafx/scene/control/skin/resources/controls_pl_PL> (0x00000000895cf868) thrown at [t:/workspace/open/src/hotspot/share/prims/jni.cpp, line 632]
Event: 2.513 Thread 0x000001f337325800 Implicit null exception at 0x000001f327a69e3a to 0x000001f327a6a696

Events (10 events):
Event: 2.499 loading class javafx/scene/control/skin/TextFieldSkin done
Event: 2.513 Thread 0x000001f337325800 Uncommon trap: trap_request=0xffffff55 fr.pc=0x000001f327a6a6c0 relative=0x0000000000000d40
Event: 2.513 Thread 0x000001f337325800 DEOPT PACKING pc=0x000001f327a6a6c0 sp=0x00000085f5ffb9f0
Event: 2.513 Thread 0x000001f337325800 DEOPT UNPACKING pc=0x000001f31fec8a2f sp=0x00000085f5ffb8f0 mode 2
Event: 2.541 Executing VM operation: RevokeBias
Event: 2.541 Executing VM operation: RevokeBias done
Event: 2.541 Executing VM operation: RevokeBias
Event: 2.541 Executing VM operation: RevokeBias done
Event: 2.556 Executing VM operation: RevokeBias
Event: 2.556 Executing VM operation: RevokeBias done


Dynamic libraries:
0x00007ff7972e0000 - 0x00007ff79731e000 	C:\Program Files\Java\jdk-10.0.1\bin\java.exe
0x00007ff97f540000 - 0x00007ff97f721000 	C:\Windows\SYSTEM32\ntdll.dll
0x00007ff97cce0000 - 0x00007ff97cd92000 	C:\Windows\System32\KERNEL32.DLL
0x00007ff97bb20000 - 0x00007ff97bd93000 	C:\Windows\System32\KERNELBASE.dll
0x00007ff97f430000 - 0x00007ff97f4d1000 	C:\Windows\System32\ADVAPI32.dll
0x00007ff97f350000 - 0x00007ff97f3ee000 	C:\Windows\System32\msvcrt.dll
0x00007ff97f080000 - 0x00007ff97f0db000 	C:\Windows\System32\sechost.dll
0x00007ff97eaa0000 - 0x00007ff97ebc4000 	C:\Windows\System32\RPCRT4.dll
0x00007ff97ca80000 - 0x00007ff97cc10000 	C:\Windows\System32\USER32.dll
0x00007ff97bb00000 - 0x00007ff97bb20000 	C:\Windows\System32\win32u.dll
0x00007ff97f4e0000 - 0x00007ff97f508000 	C:\Windows\System32\GDI32.dll
0x00007ff97c7e0000 - 0x00007ff97c972000 	C:\Windows\System32\gdi32full.dll
0x00007ff97c690000 - 0x00007ff97c72f000 	C:\Windows\System32\msvcp_win.dll
0x00007ff97bda0000 - 0x00007ff97be9a000 	C:\Windows\System32\ucrtbase.dll
0x00007ff96f770000 - 0x00007ff96f9d9000 	C:\Windows\WinSxS\amd64_microsoft.windows.common-controls_6595b64144ccf1df_6.0.17134.228_none_fb4599993062b194\COMCTL32.dll
0x00007ff976bb0000 - 0x00007ff976bba000 	C:\Windows\SYSTEM32\VERSION.dll
0x00007ff97ed50000 - 0x00007ff97f073000 	C:\Windows\System32\combase.dll
0x00007ff97bea0000 - 0x00007ff97bf1a000 	C:\Windows\System32\bcryptPrimitives.dll
0x00007ff97f400000 - 0x00007ff97f42d000 	C:\Windows\System32\IMM32.DLL
0x00007ff953440000 - 0x00007ff95352f000 	C:\Program Files\Java\jdk-10.0.1\bin\msvcr120.dll
0x00007ff9591a0000 - 0x00007ff959246000 	C:\Program Files\Java\jdk-10.0.1\bin\msvcp120.dll
0x0000000067e90000 - 0x0000000068900000 	C:\Program Files\Java\jdk-10.0.1\bin\server\jvm.dll
0x00007ff97f3f0000 - 0x00007ff97f3f8000 	C:\Windows\System32\PSAPI.DLL
0x00007ff97a450000 - 0x00007ff97a459000 	C:\Windows\SYSTEM32\WSOCK32.dll
0x00007ff96c950000 - 0x00007ff96c973000 	C:\Windows\SYSTEM32\WINMM.dll
0x00007ff97cc70000 - 0x00007ff97ccdc000 	C:\Windows\System32\WS2_32.dll
0x00007ff96c920000 - 0x00007ff96c94a000 	C:\Windows\SYSTEM32\winmmbase.dll
0x00007ff97c980000 - 0x00007ff97c9c9000 	C:\Windows\System32\cfgmgr32.dll
0x00007ff96ea80000 - 0x00007ff96ea8f000 	C:\Program Files\Java\jdk-10.0.1\bin\verify.dll
0x00007ff97a260000 - 0x00007ff97a429000 	C:\Windows\SYSTEM32\DBGHELP.DLL
0x00007ff970ec0000 - 0x00007ff970ee9000 	C:\Windows\SYSTEM32\dbgcore.DLL
0x00007ff965790000 - 0x00007ff9657b7000 	C:\Program Files\Java\jdk-10.0.1\bin\java.dll
0x00007ff95dff0000 - 0x00007ff95e01a000 	C:\Program Files\Java\jdk-10.0.1\bin\instrument.dll
0x00007ff96d640000 - 0x00007ff96d656000 	C:\Program Files\Java\jdk-10.0.1\bin\zip.dll
0x00007ff96e9d0000 - 0x00007ff96e9da000 	C:\Program Files\Java\jdk-10.0.1\bin\jimage.dll
0x00007ff97d440000 - 0x00007ff97e880000 	C:\Windows\System32\SHELL32.dll
0x00007ff97e920000 - 0x00007ff97e9c9000 	C:\Windows\System32\shcore.dll
0x00007ff97bf20000 - 0x00007ff97c62d000 	C:\Windows\System32\windows.storage.dll
0x00007ff97cc10000 - 0x00007ff97cc61000 	C:\Windows\System32\shlwapi.dll
0x00007ff97b8d0000 - 0x00007ff97b8e1000 	C:\Windows\System32\kernel.appcore.dll
0x00007ff97b8b0000 - 0x00007ff97b8cf000 	C:\Windows\System32\profapi.dll
0x00007ff97b860000 - 0x00007ff97b8ac000 	C:\Windows\System32\powrprof.dll
0x00007ff97b850000 - 0x00007ff97b85a000 	C:\Windows\System32\FLTLIB.DLL
0x00007ff96c990000 - 0x00007ff96c9aa000 	C:\Program Files\Java\jdk-10.0.1\bin\net.dll
0x00007ff977090000 - 0x00007ff97716c000 	C:\Windows\SYSTEM32\WINHTTP.dll
0x00007ff97b0d0000 - 0x00007ff97b136000 	C:\Windows\system32\mswsock.dll
0x00007ff96c8d0000 - 0x00007ff96c8e1000 	C:\Program Files\Java\jdk-10.0.1\bin\nio.dll
0x00007ff95dfd0000 - 0x00007ff95dfea000 	C:\Program Files\JetBrains\IntelliJ IDEA 2018.1.5\bin\breakgen64.dll
0x000001f314ad0000 - 0x000001f314ad3000 	C:\Program Files\Java\jdk-10.0.1\bin\api-ms-win-core-console-l1-1-0.dll
0x000001f314ae0000 - 0x000001f314ae3000 	C:\Program Files\Java\jdk-10.0.1\bin\api-ms-win-core-datetime-l1-1-0.dll
0x000001f337da0000 - 0x000001f337da3000 	C:\Program Files\Java\jdk-10.0.1\bin\api-ms-win-core-debug-l1-1-0.dll
0x000001f337db0000 - 0x000001f337db3000 	C:\Program Files\Java\jdk-10.0.1\bin\api-ms-win-core-errorhandling-l1-1-0.dll
0x000001f337dc0000 - 0x000001f337dc4000 	C:\Program Files\Java\jdk-10.0.1\bin\api-ms-win-core-file-l1-1-0.dll
0x000001f337dd0000 - 0x000001f337dd3000 	C:\Program Files\Java\jdk-10.0.1\bin\api-ms-win-core-file-l1-2-0.dll
0x000001f337de0000 - 0x000001f337de3000 	C:\Program Files\Java\jdk-10.0.1\bin\api-ms-win-core-file-l2-1-0.dll
0x000001f337df0000 - 0x000001f337df3000 	C:\Program Files\Java\jdk-10.0.1\bin\api-ms-win-core-handle-l1-1-0.dll
0x000001f337e00000 - 0x000001f337e03000 	C:\Program Files\Java\jdk-10.0.1\bin\api-ms-win-core-heap-l1-1-0.dll
0x000001f337e10000 - 0x000001f337e13000 	C:\Program Files\Java\jdk-10.0.1\bin\api-ms-win-core-interlocked-l1-1-0.dll
0x000001f337e20000 - 0x000001f337e23000 	C:\Program Files\Java\jdk-10.0.1\bin\api-ms-win-core-libraryloader-l1-1-0.dll
0x000001f337e30000 - 0x000001f337e33000 	C:\Program Files\Java\jdk-10.0.1\bin\api-ms-win-core-localization-l1-2-0.dll
0x000001f337e40000 - 0x000001f337e43000 	C:\Program Files\Java\jdk-10.0.1\bin\api-ms-win-core-memory-l1-1-0.dll
0x000001f337e50000 - 0x000001f337e53000 	C:\Program Files\Java\jdk-10.0.1\bin\api-ms-win-core-namedpipe-l1-1-0.dll
0x000001f337e60000 - 0x000001f337e63000 	C:\Program Files\Java\jdk-10.0.1\bin\api-ms-win-core-processenvironment-l1-1-0.dll
0x000001f337e70000 - 0x000001f337e73000 	C:\Program Files\Java\jdk-10.0.1\bin\api-ms-win-core-processthreads-l1-1-0.dll
0x000001f337e80000 - 0x000001f337e83000 	C:\Program Files\Java\jdk-10.0.1\bin\api-ms-win-core-processthreads-l1-1-1.dll
0x000001f337e90000 - 0x000001f337e93000 	C:\Program Files\Java\jdk-10.0.1\bin\api-ms-win-core-profile-l1-1-0.dll
0x000001f337ea0000 - 0x000001f337ea3000 	C:\Program Files\Java\jdk-10.0.1\bin\api-ms-win-core-rtlsupport-l1-1-0.dll
0x000001f337eb0000 - 0x000001f337eb3000 	C:\Program Files\Java\jdk-10.0.1\bin\api-ms-win-core-string-l1-1-0.dll
0x000001f337ec0000 - 0x000001f337ec3000 	C:\Program Files\Java\jdk-10.0.1\bin\api-ms-win-core-synch-l1-1-0.dll
0x000001f337ed0000 - 0x000001f337ed3000 	C:\Program Files\Java\jdk-10.0.1\bin\api-ms-win-core-synch-l1-2-0.dll
0x000001f337ee0000 - 0x000001f337ee3000 	C:\Program Files\Java\jdk-10.0.1\bin\api-ms-win-core-sysinfo-l1-1-0.dll
0x000001f337ef0000 - 0x000001f337ef3000 	C:\Program Files\Java\jdk-10.0.1\bin\api-ms-win-core-timezone-l1-1-0.dll
0x000001f337f00000 - 0x000001f337f03000 	C:\Program Files\Java\jdk-10.0.1\bin\api-ms-win-core-util-l1-1-0.dll
0x000001f337f10000 - 0x000001f337f13000 	C:\Program Files\Java\jdk-10.0.1\bin\api-ms-win-crt-conio-l1-1-0.dll
0x000001f337f20000 - 0x000001f337f24000 	C:\Program Files\Java\jdk-10.0.1\bin\api-ms-win-crt-convert-l1-1-0.dll
0x000001f337f30000 - 0x000001f337f33000 	C:\Program Files\Java\jdk-10.0.1\bin\api-ms-win-crt-environment-l1-1-0.dll
0x000001f337f40000 - 0x000001f337f43000 	C:\Program Files\Java\jdk-10.0.1\bin\api-ms-win-crt-filesystem-l1-1-0.dll
0x000001f337f50000 - 0x000001f337f53000 	C:\Program Files\Java\jdk-10.0.1\bin\api-ms-win-crt-heap-l1-1-0.dll
0x000001f337f60000 - 0x000001f337f63000 	C:\Program Files\Java\jdk-10.0.1\bin\api-ms-win-crt-locale-l1-1-0.dll
0x000001f337f70000 - 0x000001f337f75000 	C:\Program Files\Java\jdk-10.0.1\bin\api-ms-win-crt-math-l1-1-0.dll
0x000001f337f80000 - 0x000001f337f85000 	C:\Program Files\Java\jdk-10.0.1\bin\api-ms-win-crt-multibyte-l1-1-0.dll
0x000001f337f90000 - 0x000001f337fa0000 	C:\Program Files\Java\jdk-10.0.1\bin\api-ms-win-crt-private-l1-1-0.dll
0x000001f337fa0000 - 0x000001f337fa3000 	C:\Program Files\Java\jdk-10.0.1\bin\api-ms-win-crt-process-l1-1-0.dll
0x000001f337fb0000 - 0x000001f337fb4000 	C:\Program Files\Java\jdk-10.0.1\bin\api-ms-win-crt-runtime-l1-1-0.dll
0x000001f337fc0000 - 0x000001f337fc4000 	C:\Program Files\Java\jdk-10.0.1\bin\api-ms-win-crt-stdio-l1-1-0.dll
0x000001f337fd0000 - 0x000001f337fd4000 	C:\Program Files\Java\jdk-10.0.1\bin\api-ms-win-crt-string-l1-1-0.dll
0x000001f337fe0000 - 0x000001f337fe3000 	C:\Program Files\Java\jdk-10.0.1\bin\api-ms-win-crt-time-l1-1-0.dll
0x000001f337ff0000 - 0x000001f337ff3000 	C:\Program Files\Java\jdk-10.0.1\bin\api-ms-win-crt-utility-l1-1-0.dll
0x00007ff9507e0000 - 0x00007ff9508d6000 	C:\Program Files\Java\jdk-10.0.1\bin\ucrtbase.dll
0x00007ff95d150000 - 0x00007ff95d166000 	C:\Program Files\Java\jdk-10.0.1\bin\vcruntime140.dll
0x00007ff951ae0000 - 0x00007ff951b7c000 	C:\Program Files\Java\jdk-10.0.1\bin\msvcp140.dll
0x00007ff95d0f0000 - 0x00007ff95d141000 	C:\Program Files\Java\jdk-10.0.1\bin\concrt140.dll
0x00007ff953410000 - 0x00007ff953433000 	C:\Program Files\Java\jdk-10.0.1\bin\prism_d3d.dll
0x00007ff96c450000 - 0x00007ff96c5e7000 	C:\Windows\system32\d3d9.dll
0x00007ff979c20000 - 0x00007ff979c49000 	C:\Windows\SYSTEM32\dwmapi.dll
0x00007ff979990000 - 0x00007ff979a28000 	C:\Windows\system32\uxtheme.dll
0x00007ff9304e0000 - 0x00007ff935cc4000 	C:\Windows\System32\DriverStore\FileRepository\igdlh64.inf_amd64_463164d40c3d26ce\igdumdim64.dll
0x00007ff97e9d0000 - 0x00007ff97ea92000 	C:\Windows\System32\OLEAUT32.dll
0x00007ff97cda0000 - 0x00007ff97cef1000 	C:\Windows\System32\ole32.dll
0x00007ff97cff0000 - 0x00007ff97d43b000 	C:\Windows\System32\SETUPAPI.dll
0x00007ff951a90000 - 0x00007ff951ada000 	C:\Program Files\Java\jdk-10.0.1\bin\glass.dll
0x00007ff97cf00000 - 0x00007ff97cfed000 	C:\Windows\System32\COMDLG32.dll
0x00007ff97ebd0000 - 0x00007ff97ed45000 	C:\Windows\System32\MSCTF.dll
0x00007ff968b90000 - 0x00007ff969ced000 	C:\Windows\System32\DriverStore\FileRepository\igdlh64.inf_amd64_463164d40c3d26ce\igc64.dll
0x00007ff95af20000 - 0x00007ff95af34000 	C:\Program Files\Java\jdk-10.0.1\bin\javafx_font.dll
0x00007ff94fca0000 - 0x00007ff94fe3b000 	C:\Program Files\Java\jdk-10.0.1\bin\awt.dll
0x00007ff9786c0000 - 0x00007ff978c87000 	C:\Windows\SYSTEM32\d2d1.dll
0x00007ff979720000 - 0x00007ff9797ab000 	C:\Windows\SYSTEM32\apphelp.dll
0x00007ff951360000 - 0x00007ff9513c5000 	C:\Program Files\Java\jdk-10.0.1\bin\fontmanager.dll
0x00007ff9611c0000 - 0x00007ff9614dc000 	C:\Windows\SYSTEM32\dwrite.dll
0x00007ff97c9d0000 - 0x00007ff97ca70000 	C:\Windows\System32\clbcatq.dll
0x00007ff96bdc0000 - 0x00007ff96bf6e000 	C:\Windows\SYSTEM32\WindowsCodecs.dll
0x00007ff95e2f0000 - 0x00007ff95e348000 	C:\Windows\system32\dataexchange.dll
0x00007ff978c90000 - 0x00007ff978e2c000 	C:\Windows\system32\dcomp.dll
0x00007ff9783a0000 - 0x00007ff9786ab000 	C:\Windows\system32\d3d11.dll
0x00007ff97a610000 - 0x00007ff97a6cb000 	C:\Windows\system32\dxgi.dll
0x00007ff979d00000 - 0x00007ff979eb8000 	C:\Windows\system32\twinapi.appcore.dll
0x00007ff979c50000 - 0x00007ff979c71000 	C:\Windows\system32\RMCLIENT.dll
0x00007ff953810000 - 0x00007ff953844000 	C:\Program Files\Common Files\Microsoft Shared\Ink\rtscom.dll
0x00007ff965910000 - 0x00007ff9659a7000 	C:\Windows\System32\TextInputFramework.dll
0x00007ff96b8e0000 - 0x00007ff96bbfe000 	C:\Windows\System32\CoreUIComponents.dll
0x00007ff979270000 - 0x00007ff97934a000 	C:\Windows\System32\CoreMessaging.dll
0x00007ff977980000 - 0x00007ff977acd000 	C:\Windows\SYSTEM32\wintypes.dll
0x00007ff97aa50000 - 0x00007ff97aa81000 	C:\Windows\SYSTEM32\ntmarta.dll
0x00007ff94ebe0000 - 0x00007ff94f35e000 	C:\Windows\SYSTEM32\D3D10Warp.dll

dbghelp: loaded successfully - version: 4.0.5 - missing functions: none
symbol engine: initialized successfully - sym options: 0x614 - pdb path: .;C:\Program Files\Java\jdk-10.0.1\bin;C:\Windows\SYSTEM32;C:\Windows\WinSxS\amd64_microsoft.windows.common-controls_6595b64144ccf1df_6.0.17134.228_none_fb4599993062b194;C:\Program Files\Java\jdk-10.0.1\bin\server;C:\Program Files\JetBrains\IntelliJ IDEA 2018.1.5\bin;C:\Windows\System32\DriverStore\FileRepository\igdlh64.inf_amd64_463164d40c3d26ce;C:\Program Files\Common Files\Microsoft Shared\Ink

VM Arguments:
jvm_args: -javaagent:C:\Program Files\JetBrains\IntelliJ IDEA 2018.1.5\lib\idea_rt.jar=52645:C:\Program Files\JetBrains\IntelliJ IDEA 2018.1.5\bin -Dfile.encoding=UTF-8 
java_command: MainWindow.MainScene
java_class_path (initial): C:\Users\Piotr\Downloads\Projekt-20180807T093050Z-001\Projekt\A Simple Project\out\production\A Simple Project
Launcher Type: SUN_STANDARD

Logging:
Log output configuration:
#0: stdout all=warning uptime,level,tags
#1: stderr all=off uptime,level,tags

Environment Variables:
PATH=C:\Program Files (x86)\Common Files\Oracle\Java\javapath;C:\Windows\system32;C:\Windows;C:\Windows\System32\Wbem;C:\Windows\System32\WindowsPowerShell\v1.0\;C:\Windows\System32\OpenSSH\;C:\Program Files (x86)\NVIDIA Corporation\PhysX\Common;C:\Users\Piotr\AppData\Local\Microsoft\WindowsApps;
USERNAME=Piotr
OS=Windows_NT
PROCESSOR_IDENTIFIER=Intel64 Family 6 Model 94 Stepping 3, GenuineIntel



---------------  S Y S T E M  ---------------

OS: Windows 10 , 64 bit Build 17134 (10.0.17134.1)

CPU:total 8 (initial active 8) (4 cores per cpu, 2 threads per core) family 6 model 94 stepping 3, cmov, cx8, fxsr, mmx, sse, sse2, sse3, ssse3, sse4.1, sse4.2, popcnt, avx, avx2, aes, clmul, erms, rtm, 3dnowpref, lzcnt, ht, tsc, tscinvbit, bmi1, bmi2, adx, fma

Memory: 4k page, physical 8285128k(1105756k free), swap 8285128k(4916k free)

vm_info: Java HotSpot(TM) 64-Bit Server VM (10.0.1+10) for windows-amd64 JRE (10.0.1+10), built on Mar 27 2018 02:27:48 by "mach5one" with MS VC++ 12.0 (VS2013)

END.
