#
# There is insufficient memory for the Java Runtime Environment to continue.
# Native memory allocation (malloc) failed to allocate 32744 bytes for ChunkPool::allocate
# Possible reasons:
#   The system is out of physical RAM or swap space
#   The process is running with CompressedOops enabled, and the Java Heap may be blocking the growth of the native heap
# Possible solutions:
#   Reduce memory load on the system
#   Increase physical memory or swap space
#   Check if swap backing store is full
#   Decrease Java heap size (-Xmx/-Xms)
#   Decrease number of Java threads
#   Decrease Java thread stack sizes (-Xss)
#   Set larger code cache with -XX:ReservedCodeCacheSize=
#   JVM is running with Unscaled Compressed Oops mode in which the Java heap is
#     placed in the first 4GB address space. The Java Heap base address is the
#     maximum limit for the native heap growth. Please use -XX:HeapBaseMinAddress
#     to set the Java Heap base and to place the Java Heap above 4GB virtual address.
# This output file may be truncated or incomplete.
#
#  Out of Memory Error (t:/workspace/open/src/hotspot/share/memory/arena.cpp:82), pid=2008, tid=15888
#
# JRE version: Java(TM) SE Runtime Environment (10.0.1+10) (build 10.0.1+10)
# Java VM: Java HotSpot(TM) 64-Bit Server VM (10.0.1+10, mixed mode, tiered, compressed oops, g1 gc, windows-amd64)
# No core dump will be written. Minidumps are not enabled by default on client versions of Windows
#

---------------  S U M M A R Y ------------

Command Line: -javaagent:C:\Program Files\JetBrains\IntelliJ IDEA 2018.1.5\lib\idea_rt.jar=53060:C:\Program Files\JetBrains\IntelliJ IDEA 2018.1.5\bin -Dfile.encoding=UTF-8 MainWindow.MainScene

Host: Intel(R) Core(TM) i7-6700HQ CPU @ 2.60GHz, 8 cores, 7G,  Windows 10 , 64 bit Build 17134 (10.0.17134.1)
Time: Tue Sep 04 21:32:17 2018 Srodkowoeuropejski czas letni elapsed time: 0 seconds (0d 0h 0m 0s)

---------------  T H R E A D  ---------------

Current thread (0x000001f055279800):  JavaThread "C2 CompilerThread1" daemon [_thread_in_native, id=15888, stack(0x00000004c6700000,0x00000004c6800000)]


Current CompileTask:
C2:    931 1017   !   4       com.sun.javafx.css.ParsedValueImpl::readBinary (688 bytes)

Stack: [0x00000004c6700000,0x00000004c6800000]
Native frames: (J=compiled Java code, j=interpreted, Vv=VM code, C=native code)
V  [jvm.dll+0x5a0369]
V  [jvm.dll+0x6bcf81]
V  [jvm.dll+0x6be176]
V  [jvm.dll+0x6be803]
V  [jvm.dll+0x234998]
V  [jvm.dll+0xbbb7b]
V  [jvm.dll+0xbb97a]
V  [jvm.dll+0xbbe2c]
V  [jvm.dll+0x3510ef]
V  [jvm.dll+0x4a8454]
V  [jvm.dll+0x310f29]
V  [jvm.dll+0x31048a]
V  [jvm.dll+0x1ffde1]
V  [jvm.dll+0x1ff066]
V  [jvm.dll+0x17ca6b]
V  [jvm.dll+0x20c81d]
V  [jvm.dll+0x20b5e6]
V  [jvm.dll+0x68bb6f]
V  [jvm.dll+0x59f680]
C  [msvcr120.dll+0x24f7f]
C  [msvcr120.dll+0x25126]
C  [KERNEL32.DLL+0x13034]
C  [ntdll.dll+0x71431]


---------------  P R O C E S S  ---------------

Threads class SMR info:
_java_thread_list=0x000001f055f26060, length=19, elements={
0x000001f030ce2000, 0x000001f0548eb800, 0x000001f0548f4800, 0x000001f0548fc800,
0x000001f0548fd000, 0x000001f0548fe000, 0x000001f055279800, 0x000001f05527a000,
0x000001f05527d800, 0x000001f055297800, 0x000001f0555a6000, 0x000001f0557d9800,
0x000001f0557da800, 0x000001f0558cb800, 0x000001f055a6a800, 0x000001f055a6b800,
0x000001f055a2b000, 0x000001f056572800, 0x000001f056616000
}

Java Threads: ( => current thread )
  0x000001f030ce2000 JavaThread "main" [_thread_blocked, id=15652, stack(0x00000004c4c00000,0x00000004c4d00000)]
  0x000001f0548eb800 JavaThread "Reference Handler" daemon [_thread_blocked, id=17044, stack(0x00000004c6200000,0x00000004c6300000)]
  0x000001f0548f4800 JavaThread "Finalizer" daemon [_thread_blocked, id=18292, stack(0x00000004c6300000,0x00000004c6400000)]
  0x000001f0548fc800 JavaThread "Signal Dispatcher" daemon [_thread_blocked, id=17060, stack(0x00000004c6400000,0x00000004c6500000)]
  0x000001f0548fd000 JavaThread "Attach Listener" daemon [_thread_blocked, id=2396, stack(0x00000004c6500000,0x00000004c6600000)]
  0x000001f0548fe000 JavaThread "C2 CompilerThread0" daemon [_thread_blocked, id=12200, stack(0x00000004c6600000,0x00000004c6700000)]
=>0x000001f055279800 JavaThread "C2 CompilerThread1" daemon [_thread_in_native, id=15888, stack(0x00000004c6700000,0x00000004c6800000)]
  0x000001f05527a000 JavaThread "C2 CompilerThread2" daemon [_thread_in_native, id=17904, stack(0x00000004c6800000,0x00000004c6900000)]
  0x000001f05527d800 JavaThread "C1 CompilerThread3" daemon [_thread_in_native, id=15980, stack(0x00000004c6900000,0x00000004c6a00000)]
  0x000001f055297800 JavaThread "Sweeper thread" daemon [_thread_blocked, id=11900, stack(0x00000004c6a00000,0x00000004c6b00000)]
  0x000001f0555a6000 JavaThread "Common-Cleaner" daemon [_thread_blocked, id=16704, stack(0x00000004c6b00000,0x00000004c6c00000)]
  0x000001f0557d9800 JavaThread "Monitor Ctrl-Break" daemon [_thread_in_native, id=15484, stack(0x00000004c6c00000,0x00000004c6d00000)]
  0x000001f0557da800 JavaThread "Service Thread" daemon [_thread_blocked, id=18412, stack(0x00000004c6d00000,0x00000004c6e00000)]
  0x000001f0558cb800 JavaThread "QuantumRenderer-0" daemon [_thread_blocked, id=17240, stack(0x00000004c6f00000,0x00000004c7000000)]
  0x000001f055a6a800 JavaThread "InvokeLaterDispatcher" daemon [_thread_blocked, id=380, stack(0x00000004c7000000,0x00000004c7100000)]
  0x000001f055a6b800 JavaThread "JavaFX Application Thread" [_thread_in_vm, id=4944, stack(0x00000004c7100000,0x00000004c7200000)]
  0x000001f055a2b000 JavaThread "JavaFX-Launcher" [_thread_blocked, id=14584, stack(0x00000004c7600000,0x00000004c7700000)]
  0x000001f056572800 JavaThread "Thread-2" daemon [_thread_in_native, id=15736, stack(0x00000004c7500000,0x00000004c7600000)]
  0x000001f056616000 JavaThread "Java2D Disposer" daemon [_thread_blocked, id=10624, stack(0x00000004c7700000,0x00000004c7800000)]

Other Threads:
  0x000001f0548de000 VMThread "VM Thread" [stack: 0x00000004c6100000,0x00000004c6200000] [id=17236]
  0x000001f0557db000 WatcherThread [stack: 0x00000004c6e00000,0x00000004c6f00000] [id=14708]
  0x000001f030cfb000 GCTaskThread "GC Thread#0" [stack: 0x00000004c4d00000,0x00000004c4e00000] [id=8488]
  0x000001f030cfc800 GCTaskThread "GC Thread#1" [stack: 0x00000004c4e00000,0x00000004c4f00000] [id=13492]
  0x000001f030cff000 GCTaskThread "GC Thread#2" [stack: 0x00000004c4f00000,0x00000004c5000000] [id=9312]
  0x000001f030d00800 GCTaskThread "GC Thread#3" [stack: 0x00000004c5000000,0x00000004c5100000] [id=17512]
  0x000001f030d07800 GCTaskThread "GC Thread#4" [stack: 0x00000004c5100000,0x00000004c5200000] [id=12748]
  0x000001f030d0a800 GCTaskThread "GC Thread#5" [stack: 0x00000004c5200000,0x00000004c5300000] [id=3276]
  0x000001f030d0c800 GCTaskThread "GC Thread#6" [stack: 0x00000004c5300000,0x00000004c5400000] [id=8872]
  0x000001f030d0d000 GCTaskThread "GC Thread#7" [stack: 0x00000004c5400000,0x00000004c5500000] [id=10792]
  0x000001f030d8a800 ConcurrentGCThread "G1 Main Marker" [stack: 0x00000004c5500000,0x00000004c5600000] [id=12932]
  0x000001f030d8b800 ConcurrentGCThread "G1 Conc#0" [stack: 0x00000004c5600000,0x00000004c5700000] [id=13880]
  0x000001f030d8c800 ConcurrentGCThread "G1 Conc#1" [stack: 0x00000004c5700000,0x00000004c5800000] [id=17616]
  0x000001f05474e800 ConcurrentGCThread "G1 Refine#0" [stack: 0x00000004c5800000,0x00000004c5900000] [id=10352]
  0x000001f054751800 ConcurrentGCThread "G1 Refine#1" [stack: 0x00000004c5900000,0x00000004c5a00000] [id=17984]
  0x000001f054752000 ConcurrentGCThread "G1 Refine#2" [stack: 0x00000004c5a00000,0x00000004c5b00000] [id=5824]
  0x000001f054754000 ConcurrentGCThread "G1 Refine#3" [stack: 0x00000004c5b00000,0x00000004c5c00000] [id=7784]
  0x000001f05475f000 ConcurrentGCThread "G1 Refine#4" [stack: 0x00000004c5c00000,0x00000004c5d00000] [id=15704]
  0x000001f054766800 ConcurrentGCThread "G1 Refine#5" [stack: 0x00000004c5d00000,0x00000004c5e00000] [id=15720]
  0x000001f054766000 ConcurrentGCThread "G1 Refine#6" [stack: 0x00000004c5e00000,0x00000004c5f00000] [id=18168]
  0x000001f054767800 ConcurrentGCThread "G1 Refine#7" [stack: 0x00000004c5f00000,0x00000004c6000000] [id=17360]
  0x000001f05476c800 ConcurrentGCThread "G1 Young RemSet Sampling" [stack: 0x00000004c6000000,0x00000004c6100000] [id=16000]

Threads with active compile tasks:
C2 CompilerThread11017   !   4       com.sun.javafx.css.ParsedValueImpl::readBinary (688 bytes)
C2 CompilerThread21157       4       java.lang.invoke.InvokerBytecodeGenerator::emitPushArgument (120 bytes)
C1 CompilerThread31282       3       com.sun.javafx.fxml.BeanAdapter::getMethodName (20 bytes)

VM state:not at safepoint (normal execution)

VM Mutex/Monitor currently owned by a thread: None

Heap address: 0x0000000081800000, size: 2024 MB, Compressed Oops mode: 32-bit
Narrow klass base: 0x0000000000000000, Narrow klass shift: 3
Compressed class space size: 1073741824 Address: 0x0000000100000000

Heap:
 garbage-first heap   total 131072K, used 19456K [0x0000000081800000, 0x0000000100000000)
  region size 1024K, 20 young (20480K), 0 survivors (0K)
 Metaspace       used 16172K, capacity 16656K, committed 16896K, reserved 1064960K
  class space    used 1766K, capacity 1982K, committed 2048K, reserved 1048576K
Heap Regions: E=young(eden), S=young(survivor), O=old, HS=humongous(starts), HC=humongous(continues), CS=collection set, F=free, A=archive, TS=gc time stamp, AC=allocation context, TAMS=top-at-mark-start (previous, next)
|   0|0x0000000081800000, 0x0000000081800000, 0x0000000081900000|  0%| F|  |TS  0|AC  0|TAMS 0x0000000081800000, 0x0000000081800000|
|   1|0x0000000081900000, 0x0000000081900000, 0x0000000081a00000|  0%| F|  |TS  0|AC  0|TAMS 0x0000000081900000, 0x0000000081900000|
|   2|0x0000000081a00000, 0x0000000081a00000, 0x0000000081b00000|  0%| F|  |TS  0|AC  0|TAMS 0x0000000081a00000, 0x0000000081a00000|
|   3|0x0000000081b00000, 0x0000000081b00000, 0x0000000081c00000|  0%| F|  |TS  0|AC  0|TAMS 0x0000000081b00000, 0x0000000081b00000|
|   4|0x0000000081c00000, 0x0000000081c00000, 0x0000000081d00000|  0%| F|  |TS  0|AC  0|TAMS 0x0000000081c00000, 0x0000000081c00000|
|   5|0x0000000081d00000, 0x0000000081d00000, 0x0000000081e00000|  0%| F|  |TS  0|AC  0|TAMS 0x0000000081d00000, 0x0000000081d00000|
|   6|0x0000000081e00000, 0x0000000081e00000, 0x0000000081f00000|  0%| F|  |TS  0|AC  0|TAMS 0x0000000081e00000, 0x0000000081e00000|
|   7|0x0000000081f00000, 0x0000000081f00000, 0x0000000082000000|  0%| F|  |TS  0|AC  0|TAMS 0x0000000081f00000, 0x0000000081f00000|
|   8|0x0000000082000000, 0x0000000082000000, 0x0000000082100000|  0%| F|  |TS  0|AC  0|TAMS 0x0000000082000000, 0x0000000082000000|
|   9|0x0000000082100000, 0x0000000082100000, 0x0000000082200000|  0%| F|  |TS  0|AC  0|TAMS 0x0000000082100000, 0x0000000082100000|
|  10|0x0000000082200000, 0x0000000082200000, 0x0000000082300000|  0%| F|  |TS  0|AC  0|TAMS 0x0000000082200000, 0x0000000082200000|
|  11|0x0000000082300000, 0x0000000082300000, 0x0000000082400000|  0%| F|  |TS  0|AC  0|TAMS 0x0000000082300000, 0x0000000082300000|
|  12|0x0000000082400000, 0x0000000082400000, 0x0000000082500000|  0%| F|  |TS  0|AC  0|TAMS 0x0000000082400000, 0x0000000082400000|
|  13|0x0000000082500000, 0x0000000082500000, 0x0000000082600000|  0%| F|  |TS  0|AC  0|TAMS 0x0000000082500000, 0x0000000082500000|
|  14|0x0000000082600000, 0x0000000082600000, 0x0000000082700000|  0%| F|  |TS  0|AC  0|TAMS 0x0000000082600000, 0x0000000082600000|
|  15|0x0000000082700000, 0x0000000082700000, 0x0000000082800000|  0%| F|  |TS  0|AC  0|TAMS 0x0000000082700000, 0x0000000082700000|
|  16|0x0000000082800000, 0x0000000082800000, 0x0000000082900000|  0%| F|  |TS  0|AC  0|TAMS 0x0000000082800000, 0x0000000082800000|
|  17|0x0000000082900000, 0x0000000082900000, 0x0000000082a00000|  0%| F|  |TS  0|AC  0|TAMS 0x0000000082900000, 0x0000000082900000|
|  18|0x0000000082a00000, 0x0000000082a00000, 0x0000000082b00000|  0%| F|  |TS  0|AC  0|TAMS 0x0000000082a00000, 0x0000000082a00000|
|  19|0x0000000082b00000, 0x0000000082b00000, 0x0000000082c00000|  0%| F|  |TS  0|AC  0|TAMS 0x0000000082b00000, 0x0000000082b00000|
|  20|0x0000000082c00000, 0x0000000082c00000, 0x0000000082d00000|  0%| F|  |TS  0|AC  0|TAMS 0x0000000082c00000, 0x0000000082c00000|
|  21|0x0000000082d00000, 0x0000000082d00000, 0x0000000082e00000|  0%| F|  |TS  0|AC  0|TAMS 0x0000000082d00000, 0x0000000082d00000|
|  22|0x0000000082e00000, 0x0000000082e00000, 0x0000000082f00000|  0%| F|  |TS  0|AC  0|TAMS 0x0000000082e00000, 0x0000000082e00000|
|  23|0x0000000082f00000, 0x0000000082f00000, 0x0000000083000000|  0%| F|  |TS  0|AC  0|TAMS 0x0000000082f00000, 0x0000000082f00000|
|  24|0x0000000083000000, 0x0000000083000000, 0x0000000083100000|  0%| F|  |TS  0|AC  0|TAMS 0x0000000083000000, 0x0000000083000000|
|  25|0x0000000083100000, 0x0000000083100000, 0x0000000083200000|  0%| F|  |TS  0|AC  0|TAMS 0x0000000083100000, 0x0000000083100000|
|  26|0x0000000083200000, 0x0000000083200000, 0x0000000083300000|  0%| F|  |TS  0|AC  0|TAMS 0x0000000083200000, 0x0000000083200000|
|  27|0x0000000083300000, 0x0000000083300000, 0x0000000083400000|  0%| F|  |TS  0|AC  0|TAMS 0x0000000083300000, 0x0000000083300000|
|  28|0x0000000083400000, 0x0000000083400000, 0x0000000083500000|  0%| F|  |TS  0|AC  0|TAMS 0x0000000083400000, 0x0000000083400000|
|  29|0x0000000083500000, 0x0000000083500000, 0x0000000083600000|  0%| F|  |TS  0|AC  0|TAMS 0x0000000083500000, 0x0000000083500000|
|  30|0x0000000083600000, 0x0000000083600000, 0x0000000083700000|  0%| F|  |TS  0|AC  0|TAMS 0x0000000083600000, 0x0000000083600000|
|  31|0x0000000083700000, 0x0000000083700000, 0x0000000083800000|  0%| F|  |TS  0|AC  0|TAMS 0x0000000083700000, 0x0000000083700000|
|  32|0x0000000083800000, 0x0000000083800000, 0x0000000083900000|  0%| F|  |TS  0|AC  0|TAMS 0x0000000083800000, 0x0000000083800000|
|  33|0x0000000083900000, 0x0000000083900000, 0x0000000083a00000|  0%| F|  |TS  0|AC  0|TAMS 0x0000000083900000, 0x0000000083900000|
|  34|0x0000000083a00000, 0x0000000083a00000, 0x0000000083b00000|  0%| F|  |TS  0|AC  0|TAMS 0x0000000083a00000, 0x0000000083a00000|
|  35|0x0000000083b00000, 0x0000000083b00000, 0x0000000083c00000|  0%| F|  |TS  0|AC  0|TAMS 0x0000000083b00000, 0x0000000083b00000|
|  36|0x0000000083c00000, 0x0000000083c00000, 0x0000000083d00000|  0%| F|  |TS  0|AC  0|TAMS 0x0000000083c00000, 0x0000000083c00000|
|  37|0x0000000083d00000, 0x0000000083d00000, 0x0000000083e00000|  0%| F|  |TS  0|AC  0|TAMS 0x0000000083d00000, 0x0000000083d00000|
|  38|0x0000000083e00000, 0x0000000083e00000, 0x0000000083f00000|  0%| F|  |TS  0|AC  0|TAMS 0x0000000083e00000, 0x0000000083e00000|
|  39|0x0000000083f00000, 0x0000000083f00000, 0x0000000084000000|  0%| F|  |TS  0|AC  0|TAMS 0x0000000083f00000, 0x0000000083f00000|
|  40|0x0000000084000000, 0x0000000084000000, 0x0000000084100000|  0%| F|  |TS  0|AC  0|TAMS 0x0000000084000000, 0x0000000084000000|
|  41|0x0000000084100000, 0x0000000084100000, 0x0000000084200000|  0%| F|  |TS  0|AC  0|TAMS 0x0000000084100000, 0x0000000084100000|
|  42|0x0000000084200000, 0x0000000084200000, 0x0000000084300000|  0%| F|  |TS  0|AC  0|TAMS 0x0000000084200000, 0x0000000084200000|
|  43|0x0000000084300000, 0x0000000084300000, 0x0000000084400000|  0%| F|  |TS  0|AC  0|TAMS 0x0000000084300000, 0x0000000084300000|
|  44|0x0000000084400000, 0x0000000084400000, 0x0000000084500000|  0%| F|  |TS  0|AC  0|TAMS 0x0000000084400000, 0x0000000084400000|
|  45|0x0000000084500000, 0x0000000084500000, 0x0000000084600000|  0%| F|  |TS  0|AC  0|TAMS 0x0000000084500000, 0x0000000084500000|
|  46|0x0000000084600000, 0x0000000084600000, 0x0000000084700000|  0%| F|  |TS  0|AC  0|TAMS 0x0000000084600000, 0x0000000084600000|
|  47|0x0000000084700000, 0x0000000084700000, 0x0000000084800000|  0%| F|  |TS  0|AC  0|TAMS 0x0000000084700000, 0x0000000084700000|
|  48|0x0000000084800000, 0x0000000084800000, 0x0000000084900000|  0%| F|  |TS  0|AC  0|TAMS 0x0000000084800000, 0x0000000084800000|
|  49|0x0000000084900000, 0x0000000084900000, 0x0000000084a00000|  0%| F|  |TS  0|AC  0|TAMS 0x0000000084900000, 0x0000000084900000|
|  50|0x0000000084a00000, 0x0000000084a00000, 0x0000000084b00000|  0%| F|  |TS  0|AC  0|TAMS 0x0000000084a00000, 0x0000000084a00000|
|  51|0x0000000084b00000, 0x0000000084b00000, 0x0000000084c00000|  0%| F|  |TS  0|AC  0|TAMS 0x0000000084b00000, 0x0000000084b00000|
|  52|0x0000000084c00000, 0x0000000084c00000, 0x0000000084d00000|  0%| F|  |TS  0|AC  0|TAMS 0x0000000084c00000, 0x0000000084c00000|
|  53|0x0000000084d00000, 0x0000000084d00000, 0x0000000084e00000|  0%| F|  |TS  0|AC  0|TAMS 0x0000000084d00000, 0x0000000084d00000|
|  54|0x0000000084e00000, 0x0000000084e00000, 0x0000000084f00000|  0%| F|  |TS  0|AC  0|TAMS 0x0000000084e00000, 0x0000000084e00000|
|  55|0x0000000084f00000, 0x0000000084f00000, 0x0000000085000000|  0%| F|  |TS  0|AC  0|TAMS 0x0000000084f00000, 0x0000000084f00000|
|  56|0x0000000085000000, 0x0000000085000000, 0x0000000085100000|  0%| F|  |TS  0|AC  0|TAMS 0x0000000085000000, 0x0000000085000000|
|  57|0x0000000085100000, 0x0000000085100000, 0x0000000085200000|  0%| F|  |TS  0|AC  0|TAMS 0x0000000085100000, 0x0000000085100000|
|  58|0x0000000085200000, 0x0000000085200000, 0x0000000085300000|  0%| F|  |TS  0|AC  0|TAMS 0x0000000085200000, 0x0000000085200000|
|  59|0x0000000085300000, 0x0000000085300000, 0x0000000085400000|  0%| F|  |TS  0|AC  0|TAMS 0x0000000085300000, 0x0000000085300000|
|  60|0x0000000085400000, 0x0000000085400000, 0x0000000085500000|  0%| F|  |TS  0|AC  0|TAMS 0x0000000085400000, 0x0000000085400000|
|  61|0x0000000085500000, 0x0000000085500000, 0x0000000085600000|  0%| F|  |TS  0|AC  0|TAMS 0x0000000085500000, 0x0000000085500000|
|  62|0x0000000085600000, 0x0000000085600000, 0x0000000085700000|  0%| F|  |TS  0|AC  0|TAMS 0x0000000085600000, 0x0000000085600000|
|  63|0x0000000085700000, 0x0000000085700000, 0x0000000085800000|  0%| F|  |TS  0|AC  0|TAMS 0x0000000085700000, 0x0000000085700000|
|  64|0x0000000085800000, 0x0000000085800000, 0x0000000085900000|  0%| F|  |TS  0|AC  0|TAMS 0x0000000085800000, 0x0000000085800000|
|  65|0x0000000085900000, 0x0000000085900000, 0x0000000085a00000|  0%| F|  |TS  0|AC  0|TAMS 0x0000000085900000, 0x0000000085900000|
|  66|0x0000000085a00000, 0x0000000085a00000, 0x0000000085b00000|  0%| F|  |TS  0|AC  0|TAMS 0x0000000085a00000, 0x0000000085a00000|
|  67|0x0000000085b00000, 0x0000000085b00000, 0x0000000085c00000|  0%| F|  |TS  0|AC  0|TAMS 0x0000000085b00000, 0x0000000085b00000|
|  68|0x0000000085c00000, 0x0000000085c00000, 0x0000000085d00000|  0%| F|  |TS  0|AC  0|TAMS 0x0000000085c00000, 0x0000000085c00000|
|  69|0x0000000085d00000, 0x0000000085d00000, 0x0000000085e00000|  0%| F|  |TS  0|AC  0|TAMS 0x0000000085d00000, 0x0000000085d00000|
|  70|0x0000000085e00000, 0x0000000085e00000, 0x0000000085f00000|  0%| F|  |TS  0|AC  0|TAMS 0x0000000085e00000, 0x0000000085e00000|
|  71|0x0000000085f00000, 0x0000000085f00000, 0x0000000086000000|  0%| F|  |TS  0|AC  0|TAMS 0x0000000085f00000, 0x0000000085f00000|
|  72|0x0000000086000000, 0x0000000086000000, 0x0000000086100000|  0%| F|  |TS  0|AC  0|TAMS 0x0000000086000000, 0x0000000086000000|
|  73|0x0000000086100000, 0x0000000086100000, 0x0000000086200000|  0%| F|  |TS  0|AC  0|TAMS 0x0000000086100000, 0x0000000086100000|
|  74|0x0000000086200000, 0x0000000086200000, 0x0000000086300000|  0%| F|  |TS  0|AC  0|TAMS 0x0000000086200000, 0x0000000086200000|
|  75|0x0000000086300000, 0x0000000086300000, 0x0000000086400000|  0%| F|  |TS  0|AC  0|TAMS 0x0000000086300000, 0x0000000086300000|
|  76|0x0000000086400000, 0x0000000086400000, 0x0000000086500000|  0%| F|  |TS  0|AC  0|TAMS 0x0000000086400000, 0x0000000086400000|
|  77|0x0000000086500000, 0x0000000086500000, 0x0000000086600000|  0%| F|  |TS  0|AC  0|TAMS 0x0000000086500000, 0x0000000086500000|
|  78|0x0000000086600000, 0x0000000086600000, 0x0000000086700000|  0%| F|  |TS  0|AC  0|TAMS 0x0000000086600000, 0x0000000086600000|
|  79|0x0000000086700000, 0x0000000086700000, 0x0000000086800000|  0%| F|  |TS  0|AC  0|TAMS 0x0000000086700000, 0x0000000086700000|
|  80|0x0000000086800000, 0x0000000086800000, 0x0000000086900000|  0%| F|  |TS  0|AC  0|TAMS 0x0000000086800000, 0x0000000086800000|
|  81|0x0000000086900000, 0x0000000086900000, 0x0000000086a00000|  0%| F|  |TS  0|AC  0|TAMS 0x0000000086900000, 0x0000000086900000|
|  82|0x0000000086a00000, 0x0000000086a00000, 0x0000000086b00000|  0%| F|  |TS  0|AC  0|TAMS 0x0000000086a00000, 0x0000000086a00000|
|  83|0x0000000086b00000, 0x0000000086b00000, 0x0000000086c00000|  0%| F|  |TS  0|AC  0|TAMS 0x0000000086b00000, 0x0000000086b00000|
|  84|0x0000000086c00000, 0x0000000086c00000, 0x0000000086d00000|  0%| F|  |TS  0|AC  0|TAMS 0x0000000086c00000, 0x0000000086c00000|
|  85|0x0000000086d00000, 0x0000000086d00000, 0x0000000086e00000|  0%| F|  |TS  0|AC  0|TAMS 0x0000000086d00000, 0x0000000086d00000|
|  86|0x0000000086e00000, 0x0000000086e00000, 0x0000000086f00000|  0%| F|  |TS  0|AC  0|TAMS 0x0000000086e00000, 0x0000000086e00000|
|  87|0x0000000086f00000, 0x0000000086f00000, 0x0000000087000000|  0%| F|  |TS  0|AC  0|TAMS 0x0000000086f00000, 0x0000000086f00000|
|  88|0x0000000087000000, 0x0000000087000000, 0x0000000087100000|  0%| F|  |TS  0|AC  0|TAMS 0x0000000087000000, 0x0000000087000000|
|  89|0x0000000087100000, 0x0000000087100000, 0x0000000087200000|  0%| F|  |TS  0|AC  0|TAMS 0x0000000087100000, 0x0000000087100000|
|  90|0x0000000087200000, 0x0000000087200000, 0x0000000087300000|  0%| F|  |TS  0|AC  0|TAMS 0x0000000087200000, 0x0000000087200000|
|  91|0x0000000087300000, 0x0000000087300000, 0x0000000087400000|  0%| F|  |TS  0|AC  0|TAMS 0x0000000087300000, 0x0000000087300000|
|  92|0x0000000087400000, 0x0000000087400000, 0x0000000087500000|  0%| F|  |TS  0|AC  0|TAMS 0x0000000087400000, 0x0000000087400000|
|  93|0x0000000087500000, 0x0000000087500000, 0x0000000087600000|  0%| F|  |TS  0|AC  0|TAMS 0x0000000087500000, 0x0000000087500000|
|  94|0x0000000087600000, 0x0000000087600000, 0x0000000087700000|  0%| F|  |TS  0|AC  0|TAMS 0x0000000087600000, 0x0000000087600000|
|  95|0x0000000087700000, 0x0000000087700000, 0x0000000087800000|  0%| F|  |TS  0|AC  0|TAMS 0x0000000087700000, 0x0000000087700000|
|  96|0x0000000087800000, 0x0000000087800000, 0x0000000087900000|  0%| F|  |TS  0|AC  0|TAMS 0x0000000087800000, 0x0000000087800000|
|  97|0x0000000087900000, 0x0000000087900000, 0x0000000087a00000|  0%| F|  |TS  0|AC  0|TAMS 0x0000000087900000, 0x0000000087900000|
|  98|0x0000000087a00000, 0x0000000087a00000, 0x0000000087b00000|  0%| F|  |TS  0|AC  0|TAMS 0x0000000087a00000, 0x0000000087a00000|
|  99|0x0000000087b00000, 0x0000000087b00000, 0x0000000087c00000|  0%| F|  |TS  0|AC  0|TAMS 0x0000000087b00000, 0x0000000087b00000|
| 100|0x0000000087c00000, 0x0000000087c00000, 0x0000000087d00000|  0%| F|  |TS  0|AC  0|TAMS 0x0000000087c00000, 0x0000000087c00000|
| 101|0x0000000087d00000, 0x0000000087d00000, 0x0000000087e00000|  0%| F|  |TS  0|AC  0|TAMS 0x0000000087d00000, 0x0000000087d00000|
| 102|0x0000000087e00000, 0x0000000087e00000, 0x0000000087f00000|  0%| F|  |TS  0|AC  0|TAMS 0x0000000087e00000, 0x0000000087e00000|
| 103|0x0000000087f00000, 0x0000000087f00000, 0x0000000088000000|  0%| F|  |TS  0|AC  0|TAMS 0x0000000087f00000, 0x0000000087f00000|
| 104|0x0000000088000000, 0x0000000088000000, 0x0000000088100000|  0%| F|  |TS  0|AC  0|TAMS 0x0000000088000000, 0x0000000088000000|
| 105|0x0000000088100000, 0x0000000088100000, 0x0000000088200000|  0%| F|  |TS  0|AC  0|TAMS 0x0000000088100000, 0x0000000088100000|
| 106|0x0000000088200000, 0x0000000088200000, 0x0000000088300000|  0%| F|  |TS  0|AC  0|TAMS 0x0000000088200000, 0x0000000088200000|
| 107|0x0000000088300000, 0x0000000088300000, 0x0000000088400000|  0%| F|  |TS  0|AC  0|TAMS 0x0000000088300000, 0x0000000088300000|
| 108|0x0000000088400000, 0x000000008847b630, 0x0000000088500000| 48%| E|  |TS  0|AC  0|TAMS 0x0000000088400000, 0x0000000088400000|
| 109|0x0000000088500000, 0x0000000088600000, 0x0000000088600000|100%| E|CS|TS  0|AC  0|TAMS 0x0000000088500000, 0x0000000088500000|
| 110|0x0000000088600000, 0x0000000088700000, 0x0000000088700000|100%| E|CS|TS  0|AC  0|TAMS 0x0000000088600000, 0x0000000088600000|
| 111|0x0000000088700000, 0x0000000088800000, 0x0000000088800000|100%| E|CS|TS  0|AC  0|TAMS 0x0000000088700000, 0x0000000088700000|
| 112|0x0000000088800000, 0x0000000088900000, 0x0000000088900000|100%| E|CS|TS  0|AC  0|TAMS 0x0000000088800000, 0x0000000088800000|
| 113|0x0000000088900000, 0x0000000088a00000, 0x0000000088a00000|100%| E|CS|TS  0|AC  0|TAMS 0x0000000088900000, 0x0000000088900000|
| 114|0x0000000088a00000, 0x0000000088b00000, 0x0000000088b00000|100%| E|CS|TS  0|AC  0|TAMS 0x0000000088a00000, 0x0000000088a00000|
| 115|0x0000000088b00000, 0x0000000088c00000, 0x0000000088c00000|100%| E|CS|TS  0|AC  0|TAMS 0x0000000088b00000, 0x0000000088b00000|
| 116|0x0000000088c00000, 0x0000000088d00000, 0x0000000088d00000|100%| E|CS|TS  0|AC  0|TAMS 0x0000000088c00000, 0x0000000088c00000|
| 117|0x0000000088d00000, 0x0000000088e00000, 0x0000000088e00000|100%| E|CS|TS  0|AC  0|TAMS 0x0000000088d00000, 0x0000000088d00000|
| 118|0x0000000088e00000, 0x0000000088f00000, 0x0000000088f00000|100%| E|CS|TS  0|AC  0|TAMS 0x0000000088e00000, 0x0000000088e00000|
| 119|0x0000000088f00000, 0x0000000089000000, 0x0000000089000000|100%| E|CS|TS  0|AC  0|TAMS 0x0000000088f00000, 0x0000000088f00000|
| 120|0x0000000089000000, 0x0000000089100000, 0x0000000089100000|100%| E|CS|TS  0|AC  0|TAMS 0x0000000089000000, 0x0000000089000000|
| 121|0x0000000089100000, 0x0000000089200000, 0x0000000089200000|100%| E|CS|TS  0|AC  0|TAMS 0x0000000089100000, 0x0000000089100000|
| 122|0x0000000089200000, 0x0000000089300000, 0x0000000089300000|100%| E|CS|TS  0|AC  0|TAMS 0x0000000089200000, 0x0000000089200000|
| 123|0x0000000089300000, 0x0000000089400000, 0x0000000089400000|100%| E|CS|TS  0|AC  0|TAMS 0x0000000089300000, 0x0000000089300000|
| 124|0x0000000089400000, 0x0000000089500000, 0x0000000089500000|100%| E|CS|TS  0|AC  0|TAMS 0x0000000089400000, 0x0000000089400000|
| 125|0x0000000089500000, 0x0000000089600000, 0x0000000089600000|100%| E|CS|TS  0|AC  0|TAMS 0x0000000089500000, 0x0000000089500000|
| 126|0x0000000089600000, 0x0000000089700000, 0x0000000089700000|100%| E|CS|TS  0|AC  0|TAMS 0x0000000089600000, 0x0000000089600000|
| 127|0x0000000089700000, 0x0000000089800000, 0x0000000089800000|100%| E|CS|TS  0|AC  0|TAMS 0x0000000089700000, 0x0000000089700000|

Card table byte_map: [0x000001f04d6c0000,0x000001f04dac0000] byte_map_base: 0x000001f04d2b4000

Marking Bits (Prev, Next): (CMBitMap*) 0x000001f030d89080, (CMBitMap*) 0x000001f030d890b8
 Prev Bits: [0x000001f04dec0000, 0x000001f04fe60000)
 Next Bits: [0x000001f04fe60000, 0x000001f051e00000)

Polling page: 0x000001f030a40000

CodeHeap 'non-profiled nmethods': size=120000Kb used=514Kb max_used=514Kb free=119486Kb
 bounds [0x000001f045330000, 0x000001f0455a0000, 0x000001f04c860000]
CodeHeap 'profiled nmethods': size=120000Kb used=2280Kb max_used=2280Kb free=117719Kb
 bounds [0x000001f03de00000, 0x000001f03e070000, 0x000001f045330000]
CodeHeap 'non-nmethods': size=5760Kb used=1201Kb max_used=1213Kb free=4558Kb
 bounds [0x000001f03d860000, 0x000001f03dad0000, 0x000001f03de00000]
 total_blobs=2146 nmethods=1279 adapters=477
 compilation: enabled

Compilation events (10 events):
Event: 0.916 Thread 0x000001f05527d800 nmethod 1269 0x000001f03e035590 code [0x000001f03e035760, 0x000001f03e035a30]
Event: 0.916 Thread 0x000001f05527d800 1270       3       jdk.internal.misc.SharedSecrets::getJavaLangAccess (4 bytes)
Event: 0.916 Thread 0x000001f05527d800 nmethod 1270 0x000001f03e035b90 code [0x000001f03e035d40, 0x000001f03e035e98]
Event: 0.916 Thread 0x000001f05527d800 1271       1       jdk.internal.loader.AbstractClassLoaderValue$Sub::parent (5 bytes)
Event: 0.916 Thread 0x000001f05527d800 nmethod 1271 0x000001f0453acc10 code [0x000001f0453acdc0, 0x000001f0453aced8]
Event: 0.918 Thread 0x000001f05527d800 1273       3       java.lang.Class::getReflectionFactory (26 bytes)
Event: 0.918 Thread 0x000001f05527d800 nmethod 1273 0x000001f03e035f10 code [0x000001f03e036100, 0x000001f03e036530]
Event: 0.918 Thread 0x000001f05527d800 1274       3       com.sun.org.apache.xerces.internal.impl.XMLEntityScanner::skipSpaces (350 bytes)
Event: 0.922 Thread 0x000001f05527d800 nmethod 1274 0x000001f03e036690 code [0x000001f03e036920, 0x000001f03e037490]
Event: 0.922 Thread 0x000001f05527d800 1276       1       java.lang.String::toString (2 bytes)

GC Heap History (0 events):
No events

Deoptimization events (10 events):
Event: 0.851 Thread 0x000001f055a6b800 Uncommon trap: reason=bimorphic_or_optimized_type_check action=maybe_recompile pc=0x000001f045392744 method=java.util.HashMap.getNode(ILjava/lang/Object;)Ljava/util/HashMap$Node; @ 59 c2
Event: 0.851 Thread 0x000001f055a6b800 Uncommon trap: reason=bimorphic_or_optimized_type_check action=maybe_recompile pc=0x000001f0453a3f18 method=java.util.HashMap.putVal(ILjava/lang/Object;Ljava/lang/Object;ZZ)Ljava/lang/Object; @ 91 c2
Event: 0.851 Thread 0x000001f055a6b800 Uncommon trap: reason=bimorphic_or_optimized_type_check action=maybe_recompile pc=0x000001f0453a3f18 method=java.util.HashMap.putVal(ILjava/lang/Object;Ljava/lang/Object;ZZ)Ljava/lang/Object; @ 91 c2
Event: 0.852 Thread 0x000001f055a6b800 Uncommon trap: reason=bimorphic_or_optimized_type_check action=maybe_recompile pc=0x000001f0453a3f18 method=java.util.HashMap.putVal(ILjava/lang/Object;Ljava/lang/Object;ZZ)Ljava/lang/Object; @ 91 c2
Event: 0.882 Thread 0x000001f055a6b800 Uncommon trap: reason=unstable_if action=reinterpret pc=0x000001f04536b38c method=java.lang.StringUTF16.compress([CI[BII)I @ 20 c2
Event: 0.898 Thread 0x000001f055a6b800 Uncommon trap: reason=bimorphic_or_optimized_type_check action=maybe_recompile pc=0x000001f045382c90 method=java.util.concurrent.ConcurrentHashMap.get(Ljava/lang/Object;)Ljava/lang/Object; @ 149 c2
Event: 0.898 Thread 0x000001f055a6b800 Uncommon trap: reason=bimorphic_or_optimized_type_check action=maybe_recompile pc=0x000001f045382c90 method=java.util.concurrent.ConcurrentHashMap.get(Ljava/lang/Object;)Ljava/lang/Object; @ 149 c2
Event: 0.898 Thread 0x000001f055a6b800 Uncommon trap: reason=bimorphic_or_optimized_type_check action=maybe_recompile pc=0x000001f045382c90 method=java.util.concurrent.ConcurrentHashMap.get(Ljava/lang/Object;)Ljava/lang/Object; @ 149 c2
Event: 0.907 Thread 0x000001f055a6b800 Uncommon trap: reason=unstable_if action=reinterpret pc=0x000001f045338ca4 method=java.lang.String.equals(Ljava/lang/Object;)Z @ 27 c2
Event: 0.908 Thread 0x000001f055a6b800 Uncommon trap: reason=bimorphic_or_optimized_type_check action=maybe_recompile pc=0x000001f045382c90 method=java.util.concurrent.ConcurrentHashMap.get(Ljava/lang/Object;)Ljava/lang/Object; @ 149 c2

Classes redefined (0 events):
No events

Internal exceptions (10 events):
Event: 0.798 Thread 0x000001f055a6b800 Exception <a 'java/io/FileNotFoundException'{0x000000008862bca0}> (0x000000008862bca0) thrown at [t:/workspace/open/src/hotspot/share/prims/jni.cpp, line 611]
Event: 0.798 Thread 0x000001f055a6b800 Exception <a 'java/io/FileNotFoundException'{0x000000008862cce0}> (0x000000008862cce0) thrown at [t:/workspace/open/src/hotspot/share/prims/jni.cpp, line 611]
Event: 0.804 Thread 0x000001f055a6b800 Exception <a 'java/io/FileNotFoundException'{0x00000000886459b8}> (0x00000000886459b8) thrown at [t:/workspace/open/src/hotspot/share/prims/jni.cpp, line 611]
Event: 0.806 Thread 0x000001f055a6b800 Exception <a 'java/io/FileNotFoundException'{0x0000000088651150}> (0x0000000088651150) thrown at [t:/workspace/open/src/hotspot/share/prims/jni.cpp, line 611]
Event: 0.810 Thread 0x000001f055a6b800 Exception <a 'java/io/FileNotFoundException'{0x00000000886694e8}> (0x00000000886694e8) thrown at [t:/workspace/open/src/hotspot/share/prims/jni.cpp, line 611]
Event: 0.812 Thread 0x000001f055a6b800 Exception <a 'java/io/FileNotFoundException'{0x0000000088679ad0}> (0x0000000088679ad0) thrown at [t:/workspace/open/src/hotspot/share/prims/jni.cpp, line 611]
Event: 0.818 Thread 0x000001f055a6b800 Exception <a 'java/io/FileNotFoundException'{0x00000000886a7b38}> (0x00000000886a7b38) thrown at [t:/workspace/open/src/hotspot/share/prims/jni.cpp, line 611]
Event: 0.841 Thread 0x000001f055a6b800 Exception <a 'java/lang/NoSuchMethodError'{0x000000008852b860}: java.lang.invoke.DirectMethodHandle$Holder.invokeInterface(Ljava/lang/Object;Ljava/lang/Object;Ljava/lang/Object;)I> (0x000000008852b860) thrown at [t:/workspace/open/src/hotspot/share/interp
Event: 0.844 Thread 0x000001f055a6b800 Exception <a 'java/lang/NoSuchMethodError'{0x00000000885370a0}: java.lang.invoke.DirectMethodHandle$Holder.invokeStatic(Ljava/lang/Object;Ljava/lang/Object;)I> (0x00000000885370a0) thrown at [t:/workspace/open/src/hotspot/share/interpreter/linkResolver.cp
Event: 0.847 Thread 0x000001f055a6b800 Exception <a 'java/lang/NoSuchMethodError'{0x0000000088544330}: java.lang.Object.of([Ljava/lang/Object;)Ljava/util/stream/Stream;> (0x0000000088544330) thrown at [t:/workspace/open/src/hotspot/share/interpreter/linkResolver.cpp, line 741]

Events (10 events):
Event: 0.904 loading class jdk/internal/reflect/UnsafeQualifiedStaticObjectFieldAccessorImpl
Event: 0.904 loading class jdk/internal/reflect/UnsafeQualifiedStaticFieldAccessorImpl
Event: 0.905 loading class jdk/internal/reflect/UnsafeQualifiedStaticFieldAccessorImpl done
Event: 0.905 loading class jdk/internal/reflect/UnsafeQualifiedStaticObjectFieldAccessorImpl done
Event: 0.907 Thread 0x000001f055a6b800 Uncommon trap: trap_request=0xffffff55 fr.pc=0x000001f045338ca4 relative=0x0000000000000184
Event: 0.907 Thread 0x000001f055a6b800 DEOPT PACKING pc=0x000001f045338ca4 sp=0x00000004c71fb540
Event: 0.907 Thread 0x000001f055a6b800 DEOPT UNPACKING pc=0x000001f03d888a2f sp=0x00000004c71fb4e0 mode 2
Event: 0.908 Thread 0x000001f055a6b800 Uncommon trap: trap_request=0xffffffc6 fr.pc=0x000001f045382c90 relative=0x0000000000000690
Event: 0.908 Thread 0x000001f055a6b800 DEOPT PACKING pc=0x000001f045382c90 sp=0x00000004c71f89c0
Event: 0.908 Thread 0x000001f055a6b800 DEOPT UNPACKING pc=0x000001f03d888a2f sp=0x00000004c71f8960 mode 2


Dynamic libraries:
0x00007ff7972e0000 - 0x00007ff79731e000 	C:\Program Files\Java\jdk-10.0.1\bin\java.exe
0x00007ff97f540000 - 0x00007ff97f721000 	C:\Windows\SYSTEM32\ntdll.dll
0x00007ff97cce0000 - 0x00007ff97cd92000 	C:\Windows\System32\KERNEL32.DLL
0x00007ff97bb20000 - 0x00007ff97bd93000 	C:\Windows\System32\KERNELBASE.dll
0x00007ff97f430000 - 0x00007ff97f4d1000 	C:\Windows\System32\ADVAPI32.dll
0x00007ff97f350000 - 0x00007ff97f3ee000 	C:\Windows\System32\msvcrt.dll
0x00007ff97f080000 - 0x00007ff97f0db000 	C:\Windows\System32\sechost.dll
0x00007ff97eaa0000 - 0x00007ff97ebc4000 	C:\Windows\System32\RPCRT4.dll
0x00007ff97ca80000 - 0x00007ff97cc10000 	C:\Windows\System32\USER32.dll
0x00007ff97bb00000 - 0x00007ff97bb20000 	C:\Windows\System32\win32u.dll
0x00007ff97f4e0000 - 0x00007ff97f508000 	C:\Windows\System32\GDI32.dll
0x00007ff97c7e0000 - 0x00007ff97c972000 	C:\Windows\System32\gdi32full.dll
0x00007ff97c690000 - 0x00007ff97c72f000 	C:\Windows\System32\msvcp_win.dll
0x00007ff97bda0000 - 0x00007ff97be9a000 	C:\Windows\System32\ucrtbase.dll
0x00007ff96f770000 - 0x00007ff96f9d9000 	C:\Windows\WinSxS\amd64_microsoft.windows.common-controls_6595b64144ccf1df_6.0.17134.228_none_fb4599993062b194\COMCTL32.dll
0x00007ff976bb0000 - 0x00007ff976bba000 	C:\Windows\SYSTEM32\VERSION.dll
0x00007ff97ed50000 - 0x00007ff97f073000 	C:\Windows\System32\combase.dll
0x00007ff97bea0000 - 0x00007ff97bf1a000 	C:\Windows\System32\bcryptPrimitives.dll
0x00007ff97f400000 - 0x00007ff97f42d000 	C:\Windows\System32\IMM32.DLL
0x00007ff953440000 - 0x00007ff95352f000 	C:\Program Files\Java\jdk-10.0.1\bin\msvcr120.dll
0x00007ff9591a0000 - 0x00007ff959246000 	C:\Program Files\Java\jdk-10.0.1\bin\msvcp120.dll
0x0000000067e90000 - 0x0000000068900000 	C:\Program Files\Java\jdk-10.0.1\bin\server\jvm.dll
0x00007ff97f3f0000 - 0x00007ff97f3f8000 	C:\Windows\System32\PSAPI.DLL
0x00007ff97a450000 - 0x00007ff97a459000 	C:\Windows\SYSTEM32\WSOCK32.dll
0x00007ff96c950000 - 0x00007ff96c973000 	C:\Windows\SYSTEM32\WINMM.dll
0x00007ff97cc70000 - 0x00007ff97ccdc000 	C:\Windows\System32\WS2_32.dll
0x00007ff96c920000 - 0x00007ff96c94a000 	C:\Windows\SYSTEM32\WINMMBASE.dll
0x00007ff97c980000 - 0x00007ff97c9c9000 	C:\Windows\System32\cfgmgr32.dll
0x00007ff96ea80000 - 0x00007ff96ea8f000 	C:\Program Files\Java\jdk-10.0.1\bin\verify.dll
0x00007ff97a260000 - 0x00007ff97a429000 	C:\Windows\SYSTEM32\DBGHELP.DLL
0x00007ff970ec0000 - 0x00007ff970ee9000 	C:\Windows\SYSTEM32\dbgcore.DLL
0x00007ff965790000 - 0x00007ff9657b7000 	C:\Program Files\Java\jdk-10.0.1\bin\java.dll
0x00007ff954e80000 - 0x00007ff954eaa000 	C:\Program Files\Java\jdk-10.0.1\bin\instrument.dll
0x00007ff96c990000 - 0x00007ff96c9a6000 	C:\Program Files\Java\jdk-10.0.1\bin\zip.dll
0x00007ff96e9d0000 - 0x00007ff96e9da000 	C:\Program Files\Java\jdk-10.0.1\bin\jimage.dll
0x00007ff97d440000 - 0x00007ff97e880000 	C:\Windows\System32\SHELL32.dll
0x00007ff97e920000 - 0x00007ff97e9c9000 	C:\Windows\System32\shcore.dll
0x00007ff97bf20000 - 0x00007ff97c62d000 	C:\Windows\System32\windows.storage.dll
0x00007ff97cc10000 - 0x00007ff97cc61000 	C:\Windows\System32\shlwapi.dll
0x00007ff97b8d0000 - 0x00007ff97b8e1000 	C:\Windows\System32\kernel.appcore.dll
0x00007ff97b8b0000 - 0x00007ff97b8cf000 	C:\Windows\System32\profapi.dll
0x00007ff97b860000 - 0x00007ff97b8ac000 	C:\Windows\System32\powrprof.dll
0x00007ff97b850000 - 0x00007ff97b85a000 	C:\Windows\System32\FLTLIB.DLL
0x00007ff96c8d0000 - 0x00007ff96c8ea000 	C:\Program Files\Java\jdk-10.0.1\bin\net.dll
0x00007ff977090000 - 0x00007ff97716c000 	C:\Windows\SYSTEM32\WINHTTP.dll
0x00007ff97b0d0000 - 0x00007ff97b136000 	C:\Windows\system32\mswsock.dll
0x00007ff95ea50000 - 0x00007ff95ea61000 	C:\Program Files\Java\jdk-10.0.1\bin\nio.dll
0x00007ff95bcc0000 - 0x00007ff95bcda000 	C:\Program Files\JetBrains\IntelliJ IDEA 2018.1.5\bin\breakgen64.dll
0x000001f055f30000 - 0x000001f055f33000 	C:\Program Files\Java\jdk-10.0.1\bin\api-ms-win-core-console-l1-1-0.dll
0x000001f055f40000 - 0x000001f055f43000 	C:\Program Files\Java\jdk-10.0.1\bin\api-ms-win-core-datetime-l1-1-0.dll
0x000001f055f50000 - 0x000001f055f53000 	C:\Program Files\Java\jdk-10.0.1\bin\api-ms-win-core-debug-l1-1-0.dll
0x000001f055f60000 - 0x000001f055f63000 	C:\Program Files\Java\jdk-10.0.1\bin\api-ms-win-core-errorhandling-l1-1-0.dll
0x000001f055f70000 - 0x000001f055f74000 	C:\Program Files\Java\jdk-10.0.1\bin\api-ms-win-core-file-l1-1-0.dll
0x000001f055f80000 - 0x000001f055f83000 	C:\Program Files\Java\jdk-10.0.1\bin\api-ms-win-core-file-l1-2-0.dll
0x000001f055f90000 - 0x000001f055f93000 	C:\Program Files\Java\jdk-10.0.1\bin\api-ms-win-core-file-l2-1-0.dll
0x000001f055fa0000 - 0x000001f055fa3000 	C:\Program Files\Java\jdk-10.0.1\bin\api-ms-win-core-handle-l1-1-0.dll
0x000001f055fb0000 - 0x000001f055fb3000 	C:\Program Files\Java\jdk-10.0.1\bin\api-ms-win-core-heap-l1-1-0.dll
0x000001f055fc0000 - 0x000001f055fc3000 	C:\Program Files\Java\jdk-10.0.1\bin\api-ms-win-core-interlocked-l1-1-0.dll
0x000001f055fd0000 - 0x000001f055fd3000 	C:\Program Files\Java\jdk-10.0.1\bin\api-ms-win-core-libraryloader-l1-1-0.dll
0x000001f055fe0000 - 0x000001f055fe3000 	C:\Program Files\Java\jdk-10.0.1\bin\api-ms-win-core-localization-l1-2-0.dll
0x000001f055ff0000 - 0x000001f055ff3000 	C:\Program Files\Java\jdk-10.0.1\bin\api-ms-win-core-memory-l1-1-0.dll
0x000001f056000000 - 0x000001f056003000 	C:\Program Files\Java\jdk-10.0.1\bin\api-ms-win-core-namedpipe-l1-1-0.dll
0x000001f056010000 - 0x000001f056013000 	C:\Program Files\Java\jdk-10.0.1\bin\api-ms-win-core-processenvironment-l1-1-0.dll
0x000001f056020000 - 0x000001f056023000 	C:\Program Files\Java\jdk-10.0.1\bin\api-ms-win-core-processthreads-l1-1-0.dll
0x000001f056030000 - 0x000001f056033000 	C:\Program Files\Java\jdk-10.0.1\bin\api-ms-win-core-processthreads-l1-1-1.dll
0x000001f056040000 - 0x000001f056043000 	C:\Program Files\Java\jdk-10.0.1\bin\api-ms-win-core-profile-l1-1-0.dll
0x000001f056050000 - 0x000001f056053000 	C:\Program Files\Java\jdk-10.0.1\bin\api-ms-win-core-rtlsupport-l1-1-0.dll
0x000001f056060000 - 0x000001f056063000 	C:\Program Files\Java\jdk-10.0.1\bin\api-ms-win-core-string-l1-1-0.dll
0x000001f056070000 - 0x000001f056073000 	C:\Program Files\Java\jdk-10.0.1\bin\api-ms-win-core-synch-l1-1-0.dll
0x000001f056080000 - 0x000001f056083000 	C:\Program Files\Java\jdk-10.0.1\bin\api-ms-win-core-synch-l1-2-0.dll
0x000001f056090000 - 0x000001f056093000 	C:\Program Files\Java\jdk-10.0.1\bin\api-ms-win-core-sysinfo-l1-1-0.dll
0x000001f0560a0000 - 0x000001f0560a3000 	C:\Program Files\Java\jdk-10.0.1\bin\api-ms-win-core-timezone-l1-1-0.dll
0x000001f0560b0000 - 0x000001f0560b3000 	C:\Program Files\Java\jdk-10.0.1\bin\api-ms-win-core-util-l1-1-0.dll
0x000001f0560c0000 - 0x000001f0560c3000 	C:\Program Files\Java\jdk-10.0.1\bin\api-ms-win-crt-conio-l1-1-0.dll
0x000001f0560d0000 - 0x000001f0560d4000 	C:\Program Files\Java\jdk-10.0.1\bin\api-ms-win-crt-convert-l1-1-0.dll
0x000001f0560e0000 - 0x000001f0560e3000 	C:\Program Files\Java\jdk-10.0.1\bin\api-ms-win-crt-environment-l1-1-0.dll
0x000001f0560f0000 - 0x000001f0560f3000 	C:\Program Files\Java\jdk-10.0.1\bin\api-ms-win-crt-filesystem-l1-1-0.dll
0x000001f056100000 - 0x000001f056103000 	C:\Program Files\Java\jdk-10.0.1\bin\api-ms-win-crt-heap-l1-1-0.dll
0x000001f056110000 - 0x000001f056113000 	C:\Program Files\Java\jdk-10.0.1\bin\api-ms-win-crt-locale-l1-1-0.dll
0x000001f056120000 - 0x000001f056125000 	C:\Program Files\Java\jdk-10.0.1\bin\api-ms-win-crt-math-l1-1-0.dll
0x000001f056130000 - 0x000001f056135000 	C:\Program Files\Java\jdk-10.0.1\bin\api-ms-win-crt-multibyte-l1-1-0.dll
0x000001f056140000 - 0x000001f056150000 	C:\Program Files\Java\jdk-10.0.1\bin\api-ms-win-crt-private-l1-1-0.dll
0x000001f056150000 - 0x000001f056153000 	C:\Program Files\Java\jdk-10.0.1\bin\api-ms-win-crt-process-l1-1-0.dll
0x000001f056160000 - 0x000001f056164000 	C:\Program Files\Java\jdk-10.0.1\bin\api-ms-win-crt-runtime-l1-1-0.dll
0x000001f056170000 - 0x000001f056174000 	C:\Program Files\Java\jdk-10.0.1\bin\api-ms-win-crt-stdio-l1-1-0.dll
0x000001f056180000 - 0x000001f056184000 	C:\Program Files\Java\jdk-10.0.1\bin\api-ms-win-crt-string-l1-1-0.dll
0x000001f056190000 - 0x000001f056193000 	C:\Program Files\Java\jdk-10.0.1\bin\api-ms-win-crt-time-l1-1-0.dll
0x000001f0561a0000 - 0x000001f0561a3000 	C:\Program Files\Java\jdk-10.0.1\bin\api-ms-win-crt-utility-l1-1-0.dll
0x00007ff950ec0000 - 0x00007ff950fb6000 	C:\Program Files\Java\jdk-10.0.1\bin\ucrtbase.dll
0x00007ff95af20000 - 0x00007ff95af36000 	C:\Program Files\Java\jdk-10.0.1\bin\vcruntime140.dll
0x00007ff951340000 - 0x00007ff9513dc000 	C:\Program Files\Java\jdk-10.0.1\bin\msvcp140.dll
0x00007ff951270000 - 0x00007ff9512c1000 	C:\Program Files\Java\jdk-10.0.1\bin\concrt140.dll
0x00007ff953820000 - 0x00007ff953843000 	C:\Program Files\Java\jdk-10.0.1\bin\prism_d3d.dll
0x00007ff96c450000 - 0x00007ff96c5e7000 	C:\Windows\system32\d3d9.dll
0x00007ff979c20000 - 0x00007ff979c49000 	C:\Windows\SYSTEM32\dwmapi.dll
0x00007ff979990000 - 0x00007ff979a28000 	C:\Windows\system32\uxtheme.dll
0x00007ff9304e0000 - 0x00007ff935cc4000 	C:\Windows\System32\DriverStore\FileRepository\igdlh64.inf_amd64_463164d40c3d26ce\igdumdim64.dll
0x00007ff97e9d0000 - 0x00007ff97ea92000 	C:\Windows\System32\OLEAUT32.dll
0x00007ff97cda0000 - 0x00007ff97cef1000 	C:\Windows\System32\ole32.dll
0x00007ff97cff0000 - 0x00007ff97d43b000 	C:\Windows\System32\SETUPAPI.dll
0x00007ff950e70000 - 0x00007ff950eba000 	C:\Program Files\Java\jdk-10.0.1\bin\glass.dll
0x00007ff97cf00000 - 0x00007ff97cfed000 	C:\Windows\System32\COMDLG32.dll
0x00007ff97ebd0000 - 0x00007ff97ed45000 	C:\Windows\System32\MSCTF.dll
0x00007ff968b90000 - 0x00007ff969ced000 	C:\Windows\System32\DriverStore\FileRepository\igdlh64.inf_amd64_463164d40c3d26ce\igc64.dll
0x00007ff9551d0000 - 0x00007ff9551e4000 	C:\Program Files\Java\jdk-10.0.1\bin\javafx_font.dll
0x00007ff94fca0000 - 0x00007ff94fe3b000 	C:\Program Files\Java\jdk-10.0.1\bin\awt.dll
0x00007ff9786c0000 - 0x00007ff978c87000 	C:\Windows\SYSTEM32\d2d1.dll
0x00007ff979720000 - 0x00007ff9797ab000 	C:\Windows\SYSTEM32\apphelp.dll
0x00007ff950e00000 - 0x00007ff950e65000 	C:\Program Files\Java\jdk-10.0.1\bin\fontmanager.dll
0x00007ff9611c0000 - 0x00007ff9614dc000 	C:\Windows\SYSTEM32\dwrite.dll

dbghelp: loaded successfully - version: 4.0.5 - missing functions: none
symbol engine: initialized successfully - sym options: 0x614 - pdb path: .;C:\Program Files\Java\jdk-10.0.1\bin;C:\Windows\SYSTEM32;C:\Windows\WinSxS\amd64_microsoft.windows.common-controls_6595b64144ccf1df_6.0.17134.228_none_fb4599993062b194;C:\Program Files\Java\jdk-10.0.1\bin\server;C:\Program Files\JetBrains\IntelliJ IDEA 2018.1.5\bin;C:\Windows\System32\DriverStore\FileRepository\igdlh64.inf_amd64_463164d40c3d26ce

VM Arguments:
jvm_args: -javaagent:C:\Program Files\JetBrains\IntelliJ IDEA 2018.1.5\lib\idea_rt.jar=53060:C:\Program Files\JetBrains\IntelliJ IDEA 2018.1.5\bin -Dfile.encoding=UTF-8 
java_command: MainWindow.MainScene
java_class_path (initial): C:\Users\Piotr\Downloads\Projekt-20180807T093050Z-001\Projekt\A Simple Project\out\production\A Simple Project
Launcher Type: SUN_STANDARD

Logging:
Log output configuration:
#0: stdout all=warning uptime,level,tags
#1: stderr all=off uptime,level,tags

Environment Variables:
PATH=C:\Program Files (x86)\Common Files\Oracle\Java\javapath;C:\Windows\system32;C:\Windows;C:\Windows\System32\Wbem;C:\Windows\System32\WindowsPowerShell\v1.0\;C:\Windows\System32\OpenSSH\;C:\Program Files (x86)\NVIDIA Corporation\PhysX\Common;C:\Users\Piotr\AppData\Local\Microsoft\WindowsApps;
USERNAME=Piotr
OS=Windows_NT
PROCESSOR_IDENTIFIER=Intel64 Family 6 Model 94 Stepping 3, GenuineIntel



---------------  S Y S T E M  ---------------

OS: Windows 10 , 64 bit Build 17134 (10.0.17134.1)

CPU:total 8 (initial active 8) (4 cores per cpu, 2 threads per core) family 6 model 94 stepping 3, cmov, cx8, fxsr, mmx, sse, sse2, sse3, ssse3, sse4.1, sse4.2, popcnt, avx, avx2, aes, clmul, erms, rtm, 3dnowpref, lzcnt, ht, tsc, tscinvbit, bmi1, bmi2, adx, fma

Memory: 4k page, physical 8285128k(1277840k free), swap 8285128k(1096k free)

vm_info: Java HotSpot(TM) 64-Bit Server VM (10.0.1+10) for windows-amd64 JRE (10.0.1+10), built on Mar 27 2018 02:27:48 by "mach5one" with MS VC++ 12.0 (VS2013)

END.
